{"C:\\Hacktiv8 Bootcamp\\Phase2\\w2\\Graded 2 server\\app.js": {"path":"C:\\Hacktiv8 Bootcamp\\Phase2\\w2\\Graded 2 server\\app.js","statementMap":{"0":{"start":{"line":1,"column":0},"end":{"line":3,"column":1}},"1":{"start":{"line":2,"column":2},"end":{"line":2,"column":28}},"2":{"start":{"line":4,"column":16},"end":{"line":4,"column":34}},"3":{"start":{"line":5,"column":12},"end":{"line":5,"column":21}},"4":{"start":{"line":6,"column":13},"end":{"line":6,"column":37}},"5":{"start":{"line":7,"column":13},"end":{"line":7,"column":28}},"6":{"start":{"line":9,"column":0},"end":{"line":9,"column":47}},"7":{"start":{"line":10,"column":0},"end":{"line":10,"column":23}},"8":{"start":{"line":11,"column":0},"end":{"line":11,"column":15}},"9":{"start":{"line":12,"column":15},"end":{"line":12,"column":40}},"10":{"start":{"line":14,"column":0},"end":{"line":14,"column":20}},"11":{"start":{"line":18,"column":0},"end":{"line":18,"column":20}}},"fnMap":{},"branchMap":{"0":{"loc":{"start":{"line":1,"column":0},"end":{"line":3,"column":1}},"type":"if","locations":[{"start":{"line":1,"column":0},"end":{"line":3,"column":1}},{"start":{},"end":{}}],"line":1},"1":{"loc":{"start":{"line":6,"column":13},"end":{"line":6,"column":37}},"type":"binary-expr","locations":[{"start":{"line":6,"column":13},"end":{"line":6,"column":29}},{"start":{"line":6,"column":33},"end":{"line":6,"column":37}}],"line":6}},"s":{"0":4,"1":4,"2":4,"3":4,"4":4,"5":4,"6":4,"7":4,"8":4,"9":4,"10":4,"11":4},"f":{},"b":{"0":[4,0],"1":[4,4]},"_coverageSchema":"1a1c01bbd47fc00a2c39e90264f33305004495a9","hash":"6eefd56c3e7988c6ceedc3ef90bf70993843f0b1"}
,"C:\\Hacktiv8 Bootcamp\\Phase2\\w2\\Graded 2 server\\controllers\\controller.js": {"path":"C:\\Hacktiv8 Bootcamp\\Phase2\\w2\\Graded 2 server\\controllers\\controller.js","statementMap":{"0":{"start":{"line":1,"column":60},"end":{"line":1,"column":86}},"1":{"start":{"line":2,"column":15},"end":{"line":2,"column":32}},"2":{"start":{"line":3,"column":14},"end":{"line":3,"column":30}},"3":{"start":{"line":4,"column":21},"end":{"line":4,"column":41}},"4":{"start":{"line":5,"column":38},"end":{"line":5,"column":66}},"5":{"start":{"line":6,"column":35},"end":{"line":6,"column":63}},"6":{"start":{"line":7,"column":29},"end":{"line":7,"column":59}},"7":{"start":{"line":8,"column":18},"end":{"line":8,"column":92}},"8":{"start":{"line":9,"column":22},"end":{"line":9,"column":59}},"9":{"start":{"line":16,"column":8},"end":{"line":28,"column":9}},"10":{"start":{"line":17,"column":25},"end":{"line":24,"column":14}},"11":{"start":{"line":25,"column":12},"end":{"line":25,"column":38}},"12":{"start":{"line":27,"column":12},"end":{"line":27,"column":21}},"13":{"start":{"line":33,"column":8},"end":{"line":45,"column":9}},"14":{"start":{"line":34,"column":26},"end":{"line":39,"column":14}},"15":{"start":{"line":40,"column":12},"end":{"line":40,"column":62}},"16":{"start":{"line":40,"column":32},"end":{"line":40,"column":61}},"17":{"start":{"line":42,"column":12},"end":{"line":42,"column":39}},"18":{"start":{"line":44,"column":12},"end":{"line":44,"column":21}},"19":{"start":{"line":50,"column":8},"end":{"line":59,"column":9}},"20":{"start":{"line":51,"column":25},"end":{"line":51,"column":59}},"21":{"start":{"line":52,"column":12},"end":{"line":56,"column":13}},"22":{"start":{"line":53,"column":16},"end":{"line":53,"column":40}},"23":{"start":{"line":55,"column":16},"end":{"line":55,"column":42}},"24":{"start":{"line":58,"column":12},"end":{"line":58,"column":21}},"25":{"start":{"line":64,"column":8},"end":{"line":78,"column":9}},"26":{"start":{"line":65,"column":21},"end":{"line":65,"column":35}},"27":{"start":{"line":66,"column":26},"end":{"line":66,"column":49}},"28":{"start":{"line":67,"column":12},"end":{"line":75,"column":13}},"29":{"start":{"line":68,"column":16},"end":{"line":68,"column":43}},"30":{"start":{"line":70,"column":27},"end":{"line":70,"column":36}},"31":{"start":{"line":71,"column":16},"end":{"line":73,"column":18}},"32":{"start":{"line":74,"column":16},"end":{"line":74,"column":87}},"33":{"start":{"line":77,"column":12},"end":{"line":77,"column":21}},"34":{"start":{"line":83,"column":8},"end":{"line":90,"column":9}},"35":{"start":{"line":84,"column":31},"end":{"line":86,"column":14}},"36":{"start":{"line":87,"column":12},"end":{"line":87,"column":44}},"37":{"start":{"line":89,"column":12},"end":{"line":89,"column":21}},"38":{"start":{"line":96,"column":8},"end":{"line":111,"column":9}},"39":{"start":{"line":97,"column":70},"end":{"line":97,"column":78}},"40":{"start":{"line":99,"column":25},"end":{"line":106,"column":14}},"41":{"start":{"line":108,"column":12},"end":{"line":108,"column":66}},"42":{"start":{"line":110,"column":12},"end":{"line":110,"column":21}},"43":{"start":{"line":115,"column":8},"end":{"line":144,"column":9}},"44":{"start":{"line":116,"column":36},"end":{"line":116,"column":44}},"45":{"start":{"line":117,"column":12},"end":{"line":119,"column":13}},"46":{"start":{"line":118,"column":16},"end":{"line":118,"column":42}},"47":{"start":{"line":121,"column":25},"end":{"line":121,"column":68}},"48":{"start":{"line":122,"column":12},"end":{"line":125,"column":13}},"49":{"start":{"line":124,"column":16},"end":{"line":124,"column":49}},"50":{"start":{"line":127,"column":12},"end":{"line":140,"column":13}},"51":{"start":{"line":128,"column":30},"end":{"line":128,"column":74}},"52":{"start":{"line":130,"column":16},"end":{"line":134,"column":17}},"53":{"start":{"line":137,"column":16},"end":{"line":137,"column":111}},"54":{"start":{"line":139,"column":16},"end":{"line":139,"column":49}},"55":{"start":{"line":142,"column":12},"end":{"line":142,"column":29}},"56":{"start":{"line":143,"column":12},"end":{"line":143,"column":21}},"57":{"start":{"line":148,"column":8},"end":{"line":163,"column":9}},"58":{"start":{"line":149,"column":21},"end":{"line":149,"column":35}},"59":{"start":{"line":150,"column":29},"end":{"line":150,"column":56}},"60":{"start":{"line":151,"column":12},"end":{"line":160,"column":13}},"61":{"start":{"line":152,"column":16},"end":{"line":152,"column":40}},"62":{"start":{"line":154,"column":27},"end":{"line":154,"column":40}},"63":{"start":{"line":155,"column":16},"end":{"line":157,"column":18}},"64":{"start":{"line":158,"column":16},"end":{"line":158,"column":38}},"65":{"start":{"line":159,"column":16},"end":{"line":159,"column":96}},"66":{"start":{"line":162,"column":12},"end":{"line":162,"column":21}},"67":{"start":{"line":167,"column":8},"end":{"line":174,"column":9}},"68":{"start":{"line":168,"column":29},"end":{"line":170,"column":14}},"69":{"start":{"line":171,"column":12},"end":{"line":171,"column":42}},"70":{"start":{"line":173,"column":12},"end":{"line":173,"column":21}},"71":{"start":{"line":178,"column":8},"end":{"line":205,"column":9}},"72":{"start":{"line":179,"column":27},"end":{"line":179,"column":54}},"73":{"start":{"line":180,"column":27},"end":{"line":183,"column":14}},"74":{"start":{"line":184,"column":28},"end":{"line":184,"column":47}},"75":{"start":{"line":185,"column":12},"end":{"line":185,"column":32}},"76":{"start":{"line":188,"column":36},"end":{"line":197,"column":14}},"77":{"start":{"line":199,"column":26},"end":{"line":199,"column":75}},"78":{"start":{"line":200,"column":12},"end":{"line":200,"column":149}},"79":{"start":{"line":203,"column":12},"end":{"line":203,"column":60}},"80":{"start":{"line":204,"column":12},"end":{"line":204,"column":21}},"81":{"start":{"line":210,"column":8},"end":{"line":246,"column":9}},"82":{"start":{"line":212,"column":21},"end":{"line":212,"column":35}},"83":{"start":{"line":213,"column":24},"end":{"line":213,"column":38}},"84":{"start":{"line":215,"column":25},"end":{"line":215,"column":40}},"85":{"start":{"line":216,"column":25},"end":{"line":216,"column":33}},"86":{"start":{"line":220,"column":23},"end":{"line":220,"column":46}},"87":{"start":{"line":221,"column":12},"end":{"line":223,"column":13}},"88":{"start":{"line":222,"column":16},"end":{"line":222,"column":40}},"89":{"start":{"line":225,"column":12},"end":{"line":231,"column":13}},"90":{"start":{"line":226,"column":16},"end":{"line":226,"column":75}},"91":{"start":{"line":227,"column":19},"end":{"line":231,"column":13}},"92":{"start":{"line":228,"column":16},"end":{"line":228,"column":110}},"93":{"start":{"line":229,"column":19},"end":{"line":231,"column":13}},"94":{"start":{"line":230,"column":16},"end":{"line":230,"column":69}},"95":{"start":{"line":233,"column":26},"end":{"line":237,"column":14}},"96":{"start":{"line":239,"column":12},"end":{"line":243,"column":13}},"97":{"start":{"line":240,"column":16},"end":{"line":240,"column":56}},"98":{"start":{"line":242,"column":16},"end":{"line":242,"column":56}},"99":{"start":{"line":245,"column":12},"end":{"line":245,"column":21}},"100":{"start":{"line":250,"column":8},"end":{"line":281,"column":9}},"101":{"start":{"line":251,"column":21},"end":{"line":251,"column":35}},"102":{"start":{"line":252,"column":24},"end":{"line":252,"column":38}},"103":{"start":{"line":253,"column":25},"end":{"line":253,"column":33}},"104":{"start":{"line":256,"column":27},"end":{"line":256,"column":54}},"105":{"start":{"line":257,"column":12},"end":{"line":259,"column":13}},"106":{"start":{"line":258,"column":16},"end":{"line":258,"column":42}},"107":{"start":{"line":261,"column":12},"end":{"line":267,"column":13}},"108":{"start":{"line":262,"column":16},"end":{"line":262,"column":74}},"109":{"start":{"line":263,"column":19},"end":{"line":267,"column":13}},"110":{"start":{"line":264,"column":16},"end":{"line":264,"column":74}},"111":{"start":{"line":265,"column":19},"end":{"line":267,"column":13}},"112":{"start":{"line":266,"column":16},"end":{"line":266,"column":74}},"113":{"start":{"line":268,"column":26},"end":{"line":272,"column":14}},"114":{"start":{"line":274,"column":12},"end":{"line":278,"column":13}},"115":{"start":{"line":275,"column":16},"end":{"line":275,"column":56}},"116":{"start":{"line":277,"column":16},"end":{"line":277,"column":56}},"117":{"start":{"line":280,"column":12},"end":{"line":280,"column":21}},"118":{"start":{"line":285,"column":8},"end":{"line":312,"column":9}},"119":{"start":{"line":286,"column":21},"end":{"line":286,"column":35}},"120":{"start":{"line":288,"column":75},"end":{"line":288,"column":83}},"121":{"start":{"line":292,"column":12},"end":{"line":294,"column":13}},"122":{"start":{"line":293,"column":16},"end":{"line":293,"column":47}},"123":{"start":{"line":295,"column":23},"end":{"line":295,"column":46}},"124":{"start":{"line":296,"column":12},"end":{"line":298,"column":13}},"125":{"start":{"line":297,"column":16},"end":{"line":297,"column":42}},"126":{"start":{"line":300,"column":30},"end":{"line":307,"column":14}},"127":{"start":{"line":309,"column":12},"end":{"line":309,"column":45}},"128":{"start":{"line":311,"column":12},"end":{"line":311,"column":21}},"129":{"start":{"line":316,"column":8},"end":{"line":333,"column":9}},"130":{"start":{"line":317,"column":21},"end":{"line":317,"column":34}},"131":{"start":{"line":318,"column":25},"end":{"line":318,"column":33}},"132":{"start":{"line":319,"column":12},"end":{"line":321,"column":13}},"133":{"start":{"line":320,"column":16},"end":{"line":320,"column":47}},"134":{"start":{"line":322,"column":27},"end":{"line":322,"column":54}},"135":{"start":{"line":323,"column":12},"end":{"line":325,"column":13}},"136":{"start":{"line":324,"column":16},"end":{"line":324,"column":40}},"137":{"start":{"line":326,"column":34},"end":{"line":328,"column":14}},"138":{"start":{"line":329,"column":12},"end":{"line":329,"column":49}},"139":{"start":{"line":331,"column":12},"end":{"line":331,"column":28}},"140":{"start":{"line":332,"column":12},"end":{"line":332,"column":21}},"141":{"start":{"line":337,"column":8},"end":{"line":353,"column":9}},"142":{"start":{"line":338,"column":21},"end":{"line":338,"column":34}},"143":{"start":{"line":339,"column":27},"end":{"line":339,"column":35}},"144":{"start":{"line":341,"column":23},"end":{"line":341,"column":46}},"145":{"start":{"line":342,"column":12},"end":{"line":344,"column":13}},"146":{"start":{"line":343,"column":16},"end":{"line":343,"column":42}},"147":{"start":{"line":345,"column":32},"end":{"line":347,"column":14}},"148":{"start":{"line":348,"column":12},"end":{"line":348,"column":39}},"149":{"start":{"line":349,"column":12},"end":{"line":349,"column":47}},"150":{"start":{"line":351,"column":12},"end":{"line":351,"column":28}},"151":{"start":{"line":352,"column":12},"end":{"line":352,"column":21}},"152":{"start":{"line":357,"column":8},"end":{"line":370,"column":9}},"153":{"start":{"line":358,"column":26},"end":{"line":360,"column":14}},"154":{"start":{"line":362,"column":35},"end":{"line":365,"column":14}},"155":{"start":{"line":363,"column":16},"end":{"line":363,"column":70}},"156":{"start":{"line":364,"column":16},"end":{"line":364,"column":25}},"157":{"start":{"line":367,"column":12},"end":{"line":367,"column":50}},"158":{"start":{"line":369,"column":12},"end":{"line":369,"column":21}},"159":{"start":{"line":374,"column":8},"end":{"line":385,"column":9}},"160":{"start":{"line":375,"column":29},"end":{"line":375,"column":67}},"161":{"start":{"line":376,"column":12},"end":{"line":382,"column":13}},"162":{"start":{"line":377,"column":16},"end":{"line":377,"column":38}},"163":{"start":{"line":378,"column":16},"end":{"line":378,"column":40}},"164":{"start":{"line":381,"column":16},"end":{"line":381,"column":46}},"165":{"start":{"line":384,"column":12},"end":{"line":384,"column":21}},"166":{"start":{"line":391,"column":8},"end":{"line":420,"column":9}},"167":{"start":{"line":392,"column":36},"end":{"line":392,"column":44}},"168":{"start":{"line":393,"column":12},"end":{"line":395,"column":13}},"169":{"start":{"line":394,"column":16},"end":{"line":394,"column":42}},"170":{"start":{"line":397,"column":29},"end":{"line":397,"column":72}},"171":{"start":{"line":398,"column":12},"end":{"line":400,"column":13}},"172":{"start":{"line":399,"column":16},"end":{"line":399,"column":49}},"173":{"start":{"line":402,"column":29},"end":{"line":402,"column":76}},"174":{"start":{"line":404,"column":12},"end":{"line":416,"column":13}},"175":{"start":{"line":405,"column":30},"end":{"line":405,"column":78}},"176":{"start":{"line":407,"column":16},"end":{"line":410,"column":17}},"177":{"start":{"line":413,"column":16},"end":{"line":413,"column":123}},"178":{"start":{"line":415,"column":16},"end":{"line":415,"column":49}},"179":{"start":{"line":418,"column":12},"end":{"line":418,"column":29}},"180":{"start":{"line":419,"column":12},"end":{"line":419,"column":21}},"181":{"start":{"line":424,"column":8},"end":{"line":439,"column":9}},"182":{"start":{"line":425,"column":70},"end":{"line":425,"column":78}},"183":{"start":{"line":427,"column":25},"end":{"line":434,"column":14}},"184":{"start":{"line":436,"column":12},"end":{"line":436,"column":66}},"185":{"start":{"line":438,"column":12},"end":{"line":438,"column":21}},"186":{"start":{"line":443,"column":8},"end":{"line":490,"column":9}},"187":{"start":{"line":444,"column":25},"end":{"line":444,"column":34}},"188":{"start":{"line":445,"column":27},"end":{"line":445,"column":36}},"189":{"start":{"line":446,"column":39},"end":{"line":446,"column":48}},"190":{"start":{"line":451,"column":24},"end":{"line":455,"column":13}},"191":{"start":{"line":457,"column":12},"end":{"line":460,"column":13}},"192":{"start":{"line":458,"column":16},"end":{"line":458,"column":45}},"193":{"start":{"line":459,"column":16},"end":{"line":459,"column":31}},"194":{"start":{"line":462,"column":12},"end":{"line":471,"column":13}},"195":{"start":{"line":463,"column":16},"end":{"line":463,"column":72}},"196":{"start":{"line":465,"column":19},"end":{"line":471,"column":13}},"197":{"start":{"line":466,"column":16},"end":{"line":466,"column":56}},"198":{"start":{"line":468,"column":19},"end":{"line":471,"column":13}},"199":{"start":{"line":469,"column":16},"end":{"line":469,"column":56}},"200":{"start":{"line":473,"column":12},"end":{"line":475,"column":13}},"201":{"start":{"line":474,"column":16},"end":{"line":474,"column":62}},"202":{"start":{"line":478,"column":26},"end":{"line":478,"column":59}},"203":{"start":{"line":479,"column":12},"end":{"line":482,"column":14}},"204":{"start":{"line":480,"column":16},"end":{"line":480,"column":45}},"205":{"start":{"line":481,"column":16},"end":{"line":481,"column":55}},"206":{"start":{"line":486,"column":12},"end":{"line":486,"column":39}},"207":{"start":{"line":488,"column":12},"end":{"line":488,"column":48}},"208":{"start":{"line":489,"column":12},"end":{"line":489,"column":21}},"209":{"start":{"line":494,"column":8},"end":{"line":510,"column":9}},"210":{"start":{"line":496,"column":23},"end":{"line":498,"column":14}},"211":{"start":{"line":499,"column":12},"end":{"line":507,"column":13}},"212":{"start":{"line":500,"column":16},"end":{"line":500,"column":40}},"213":{"start":{"line":502,"column":16},"end":{"line":502,"column":49}},"214":{"start":{"line":503,"column":16},"end":{"line":503,"column":74}},"215":{"start":{"line":506,"column":16},"end":{"line":506,"column":42}},"216":{"start":{"line":509,"column":12},"end":{"line":509,"column":21}},"217":{"start":{"line":514,"column":8},"end":{"line":537,"column":9}},"218":{"start":{"line":515,"column":25},"end":{"line":515,"column":38}},"219":{"start":{"line":516,"column":27},"end":{"line":531,"column":14}},"220":{"start":{"line":532,"column":12},"end":{"line":532,"column":40}},"221":{"start":{"line":533,"column":12},"end":{"line":533,"column":38}},"222":{"start":{"line":535,"column":12},"end":{"line":535,"column":28}},"223":{"start":{"line":536,"column":12},"end":{"line":536,"column":21}},"224":{"start":{"line":542,"column":8},"end":{"line":564,"column":9}},"225":{"start":{"line":543,"column":27},"end":{"line":543,"column":37}},"226":{"start":{"line":544,"column":12},"end":{"line":546,"column":13}},"227":{"start":{"line":545,"column":16},"end":{"line":545,"column":43}},"228":{"start":{"line":548,"column":27},"end":{"line":554,"column":14}},"229":{"start":{"line":555,"column":12},"end":{"line":557,"column":13}},"230":{"start":{"line":556,"column":16},"end":{"line":556,"column":40}},"231":{"start":{"line":558,"column":12},"end":{"line":558,"column":46}},"232":{"start":{"line":559,"column":12},"end":{"line":559,"column":75}},"233":{"start":{"line":559,"column":35},"end":{"line":559,"column":74}},"234":{"start":{"line":560,"column":12},"end":{"line":560,"column":42}},"235":{"start":{"line":562,"column":12},"end":{"line":562,"column":28}},"236":{"start":{"line":563,"column":12},"end":{"line":563,"column":21}},"237":{"start":{"line":568,"column":8},"end":{"line":601,"column":9}},"238":{"start":{"line":570,"column":35},"end":{"line":570,"column":45}},"239":{"start":{"line":571,"column":12},"end":{"line":575,"column":13}},"240":{"start":{"line":572,"column":16},"end":{"line":572,"column":43}},"241":{"start":{"line":573,"column":19},"end":{"line":575,"column":13}},"242":{"start":{"line":574,"column":16},"end":{"line":574,"column":43}},"243":{"start":{"line":577,"column":23},"end":{"line":577,"column":50}},"244":{"start":{"line":578,"column":12},"end":{"line":580,"column":13}},"245":{"start":{"line":579,"column":16},"end":{"line":579,"column":40}},"246":{"start":{"line":582,"column":38},"end":{"line":591,"column":14}},"247":{"start":{"line":593,"column":12},"end":{"line":595,"column":13}},"248":{"start":{"line":594,"column":16},"end":{"line":594,"column":47}},"249":{"start":{"line":597,"column":12},"end":{"line":597,"column":42}},"250":{"start":{"line":599,"column":12},"end":{"line":599,"column":28}},"251":{"start":{"line":600,"column":12},"end":{"line":600,"column":21}},"252":{"start":{"line":605,"column":8},"end":{"line":632,"column":9}},"253":{"start":{"line":606,"column":27},"end":{"line":606,"column":54}},"254":{"start":{"line":607,"column":27},"end":{"line":610,"column":14}},"255":{"start":{"line":611,"column":28},"end":{"line":611,"column":47}},"256":{"start":{"line":612,"column":12},"end":{"line":612,"column":32}},"257":{"start":{"line":615,"column":36},"end":{"line":624,"column":14}},"258":{"start":{"line":626,"column":26},"end":{"line":626,"column":75}},"259":{"start":{"line":627,"column":12},"end":{"line":627,"column":149}},"260":{"start":{"line":630,"column":12},"end":{"line":630,"column":60}},"261":{"start":{"line":631,"column":12},"end":{"line":631,"column":21}},"262":{"start":{"line":640,"column":8},"end":{"line":646,"column":9}},"263":{"start":{"line":641,"column":25},"end":{"line":641,"column":58}},"264":{"start":{"line":642,"column":12},"end":{"line":642,"column":36}},"265":{"start":{"line":643,"column":12},"end":{"line":643,"column":38}},"266":{"start":{"line":645,"column":12},"end":{"line":645,"column":21}},"267":{"start":{"line":650,"column":8},"end":{"line":655,"column":9}},"268":{"start":{"line":651,"column":26},"end":{"line":651,"column":46}},"269":{"start":{"line":652,"column":12},"end":{"line":652,"column":39}},"270":{"start":{"line":654,"column":12},"end":{"line":654,"column":21}},"271":{"start":{"line":661,"column":0},"end":{"line":661,"column":27}}},"fnMap":{"0":{"name":"(anonymous_0)","decl":{"start":{"line":15,"column":4},"end":{"line":15,"column":5}},"loc":{"start":{"line":15,"column":44},"end":{"line":29,"column":5}},"line":15},"1":{"name":"(anonymous_1)","decl":{"start":{"line":32,"column":4},"end":{"line":32,"column":5}},"loc":{"start":{"line":32,"column":41},"end":{"line":46,"column":5}},"line":32},"2":{"name":"(anonymous_2)","decl":{"start":{"line":40,"column":26},"end":{"line":40,"column":27}},"loc":{"start":{"line":40,"column":32},"end":{"line":40,"column":61}},"line":40},"3":{"name":"(anonymous_3)","decl":{"start":{"line":49,"column":4},"end":{"line":49,"column":5}},"loc":{"start":{"line":49,"column":45},"end":{"line":60,"column":5}},"line":49},"4":{"name":"(anonymous_4)","decl":{"start":{"line":63,"column":4},"end":{"line":63,"column":5}},"loc":{"start":{"line":63,"column":48},"end":{"line":79,"column":5}},"line":63},"5":{"name":"(anonymous_5)","decl":{"start":{"line":82,"column":4},"end":{"line":82,"column":5}},"loc":{"start":{"line":82,"column":45},"end":{"line":91,"column":5}},"line":82},"6":{"name":"(anonymous_6)","decl":{"start":{"line":95,"column":4},"end":{"line":95,"column":5}},"loc":{"start":{"line":95,"column":45},"end":{"line":112,"column":5}},"line":95},"7":{"name":"(anonymous_7)","decl":{"start":{"line":114,"column":4},"end":{"line":114,"column":5}},"loc":{"start":{"line":114,"column":39},"end":{"line":145,"column":5}},"line":114},"8":{"name":"(anonymous_8)","decl":{"start":{"line":147,"column":4},"end":{"line":147,"column":5}},"loc":{"start":{"line":147,"column":42},"end":{"line":164,"column":5}},"line":147},"9":{"name":"(anonymous_9)","decl":{"start":{"line":166,"column":4},"end":{"line":166,"column":5}},"loc":{"start":{"line":166,"column":48},"end":{"line":175,"column":5}},"line":166},"10":{"name":"(anonymous_10)","decl":{"start":{"line":177,"column":4},"end":{"line":177,"column":5}},"loc":{"start":{"line":177,"column":45},"end":{"line":206,"column":5}},"line":177},"11":{"name":"(anonymous_11)","decl":{"start":{"line":209,"column":4},"end":{"line":209,"column":5}},"loc":{"start":{"line":209,"column":45},"end":{"line":247,"column":5}},"line":209},"12":{"name":"(anonymous_12)","decl":{"start":{"line":249,"column":4},"end":{"line":249,"column":5}},"loc":{"start":{"line":249,"column":49},"end":{"line":282,"column":5}},"line":249},"13":{"name":"(anonymous_13)","decl":{"start":{"line":284,"column":4},"end":{"line":284,"column":5}},"loc":{"start":{"line":284,"column":41},"end":{"line":313,"column":5}},"line":284},"14":{"name":"(anonymous_14)","decl":{"start":{"line":315,"column":4},"end":{"line":315,"column":5}},"loc":{"start":{"line":315,"column":47},"end":{"line":334,"column":5}},"line":315},"15":{"name":"(anonymous_15)","decl":{"start":{"line":336,"column":4},"end":{"line":336,"column":5}},"loc":{"start":{"line":336,"column":43},"end":{"line":354,"column":5}},"line":336},"16":{"name":"(anonymous_16)","decl":{"start":{"line":356,"column":4},"end":{"line":356,"column":5}},"loc":{"start":{"line":356,"column":44},"end":{"line":371,"column":5}},"line":356},"17":{"name":"(anonymous_17)","decl":{"start":{"line":362,"column":47},"end":{"line":362,"column":48}},"loc":{"start":{"line":362,"column":53},"end":{"line":365,"column":13}},"line":362},"18":{"name":"(anonymous_18)","decl":{"start":{"line":373,"column":4},"end":{"line":373,"column":5}},"loc":{"start":{"line":373,"column":49},"end":{"line":386,"column":5}},"line":373},"19":{"name":"(anonymous_19)","decl":{"start":{"line":390,"column":4},"end":{"line":390,"column":5}},"loc":{"start":{"line":390,"column":47},"end":{"line":421,"column":5}},"line":390},"20":{"name":"(anonymous_20)","decl":{"start":{"line":423,"column":4},"end":{"line":423,"column":5}},"loc":{"start":{"line":423,"column":50},"end":{"line":440,"column":5}},"line":423},"21":{"name":"(anonymous_21)","decl":{"start":{"line":442,"column":4},"end":{"line":442,"column":5}},"loc":{"start":{"line":442,"column":49},"end":{"line":491,"column":5}},"line":442},"22":{"name":"(anonymous_22)","decl":{"start":{"line":479,"column":31},"end":{"line":479,"column":32}},"loc":{"start":{"line":479,"column":37},"end":{"line":482,"column":13}},"line":479},"23":{"name":"(anonymous_23)","decl":{"start":{"line":493,"column":4},"end":{"line":493,"column":5}},"loc":{"start":{"line":493,"column":53},"end":{"line":511,"column":5}},"line":493},"24":{"name":"(anonymous_24)","decl":{"start":{"line":513,"column":4},"end":{"line":513,"column":5}},"loc":{"start":{"line":513,"column":42},"end":{"line":538,"column":5}},"line":513},"25":{"name":"(anonymous_25)","decl":{"start":{"line":540,"column":4},"end":{"line":540,"column":5}},"loc":{"start":{"line":540,"column":45},"end":{"line":565,"column":5}},"line":540},"26":{"name":"(anonymous_26)","decl":{"start":{"line":559,"column":29},"end":{"line":559,"column":30}},"loc":{"start":{"line":559,"column":35},"end":{"line":559,"column":74}},"line":559},"27":{"name":"(anonymous_27)","decl":{"start":{"line":567,"column":4},"end":{"line":567,"column":5}},"loc":{"start":{"line":567,"column":46},"end":{"line":602,"column":5}},"line":567},"28":{"name":"(anonymous_28)","decl":{"start":{"line":604,"column":4},"end":{"line":604,"column":5}},"loc":{"start":{"line":604,"column":53},"end":{"line":633,"column":5}},"line":604},"29":{"name":"(anonymous_29)","decl":{"start":{"line":639,"column":4},"end":{"line":639,"column":5}},"loc":{"start":{"line":639,"column":45},"end":{"line":647,"column":5}},"line":639},"30":{"name":"(anonymous_30)","decl":{"start":{"line":649,"column":4},"end":{"line":649,"column":5}},"loc":{"start":{"line":649,"column":41},"end":{"line":656,"column":5}},"line":649}},"branchMap":{"0":{"loc":{"start":{"line":52,"column":12},"end":{"line":56,"column":13}},"type":"if","locations":[{"start":{"line":52,"column":12},"end":{"line":56,"column":13}},{"start":{"line":54,"column":19},"end":{"line":56,"column":13}}],"line":52},"1":{"loc":{"start":{"line":67,"column":12},"end":{"line":75,"column":13}},"type":"if","locations":[{"start":{"line":67,"column":12},"end":{"line":75,"column":13}},{"start":{"line":69,"column":19},"end":{"line":75,"column":13}}],"line":67},"2":{"loc":{"start":{"line":117,"column":12},"end":{"line":119,"column":13}},"type":"if","locations":[{"start":{"line":117,"column":12},"end":{"line":119,"column":13}},{"start":{},"end":{}}],"line":117},"3":{"loc":{"start":{"line":117,"column":15},"end":{"line":117,"column":34}},"type":"binary-expr","locations":[{"start":{"line":117,"column":15},"end":{"line":117,"column":21}},{"start":{"line":117,"column":25},"end":{"line":117,"column":34}}],"line":117},"4":{"loc":{"start":{"line":122,"column":12},"end":{"line":125,"column":13}},"type":"if","locations":[{"start":{"line":122,"column":12},"end":{"line":125,"column":13}},{"start":{},"end":{}}],"line":122},"5":{"loc":{"start":{"line":127,"column":12},"end":{"line":140,"column":13}},"type":"if","locations":[{"start":{"line":127,"column":12},"end":{"line":140,"column":13}},{"start":{"line":138,"column":19},"end":{"line":140,"column":13}}],"line":127},"6":{"loc":{"start":{"line":151,"column":12},"end":{"line":160,"column":13}},"type":"if","locations":[{"start":{"line":151,"column":12},"end":{"line":160,"column":13}},{"start":{"line":153,"column":19},"end":{"line":160,"column":13}}],"line":151},"7":{"loc":{"start":{"line":221,"column":12},"end":{"line":223,"column":13}},"type":"if","locations":[{"start":{"line":221,"column":12},"end":{"line":223,"column":13}},{"start":{},"end":{}}],"line":221},"8":{"loc":{"start":{"line":225,"column":12},"end":{"line":231,"column":13}},"type":"if","locations":[{"start":{"line":225,"column":12},"end":{"line":231,"column":13}},{"start":{"line":227,"column":19},"end":{"line":231,"column":13}}],"line":225},"9":{"loc":{"start":{"line":227,"column":19},"end":{"line":231,"column":13}},"type":"if","locations":[{"start":{"line":227,"column":19},"end":{"line":231,"column":13}},{"start":{"line":229,"column":19},"end":{"line":231,"column":13}}],"line":227},"10":{"loc":{"start":{"line":229,"column":19},"end":{"line":231,"column":13}},"type":"if","locations":[{"start":{"line":229,"column":19},"end":{"line":231,"column":13}},{"start":{},"end":{}}],"line":229},"11":{"loc":{"start":{"line":239,"column":12},"end":{"line":243,"column":13}},"type":"if","locations":[{"start":{"line":239,"column":12},"end":{"line":243,"column":13}},{"start":{"line":241,"column":19},"end":{"line":243,"column":13}}],"line":239},"12":{"loc":{"start":{"line":239,"column":15},"end":{"line":239,"column":49}},"type":"binary-expr","locations":[{"start":{"line":239,"column":15},"end":{"line":239,"column":29}},{"start":{"line":239,"column":33},"end":{"line":239,"column":49}}],"line":239},"13":{"loc":{"start":{"line":257,"column":12},"end":{"line":259,"column":13}},"type":"if","locations":[{"start":{"line":257,"column":12},"end":{"line":259,"column":13}},{"start":{},"end":{}}],"line":257},"14":{"loc":{"start":{"line":261,"column":12},"end":{"line":267,"column":13}},"type":"if","locations":[{"start":{"line":261,"column":12},"end":{"line":267,"column":13}},{"start":{"line":263,"column":19},"end":{"line":267,"column":13}}],"line":261},"15":{"loc":{"start":{"line":263,"column":19},"end":{"line":267,"column":13}},"type":"if","locations":[{"start":{"line":263,"column":19},"end":{"line":267,"column":13}},{"start":{"line":265,"column":19},"end":{"line":267,"column":13}}],"line":263},"16":{"loc":{"start":{"line":265,"column":19},"end":{"line":267,"column":13}},"type":"if","locations":[{"start":{"line":265,"column":19},"end":{"line":267,"column":13}},{"start":{},"end":{}}],"line":265},"17":{"loc":{"start":{"line":274,"column":12},"end":{"line":278,"column":13}},"type":"if","locations":[{"start":{"line":274,"column":12},"end":{"line":278,"column":13}},{"start":{"line":276,"column":19},"end":{"line":278,"column":13}}],"line":274},"18":{"loc":{"start":{"line":292,"column":12},"end":{"line":294,"column":13}},"type":"if","locations":[{"start":{"line":292,"column":12},"end":{"line":294,"column":13}},{"start":{},"end":{}}],"line":292},"19":{"loc":{"start":{"line":292,"column":15},"end":{"line":292,"column":85}},"type":"binary-expr","locations":[{"start":{"line":292,"column":15},"end":{"line":292,"column":20}},{"start":{"line":292,"column":24},"end":{"line":292,"column":36}},{"start":{"line":292,"column":40},"end":{"line":292,"column":46}},{"start":{"line":292,"column":50},"end":{"line":292,"column":57}},{"start":{"line":292,"column":61},"end":{"line":292,"column":70}},{"start":{"line":292,"column":74},"end":{"line":292,"column":85}}],"line":292},"20":{"loc":{"start":{"line":296,"column":12},"end":{"line":298,"column":13}},"type":"if","locations":[{"start":{"line":296,"column":12},"end":{"line":298,"column":13}},{"start":{},"end":{}}],"line":296},"21":{"loc":{"start":{"line":319,"column":12},"end":{"line":321,"column":13}},"type":"if","locations":[{"start":{"line":319,"column":12},"end":{"line":321,"column":13}},{"start":{},"end":{}}],"line":319},"22":{"loc":{"start":{"line":323,"column":12},"end":{"line":325,"column":13}},"type":"if","locations":[{"start":{"line":323,"column":12},"end":{"line":325,"column":13}},{"start":{},"end":{}}],"line":323},"23":{"loc":{"start":{"line":342,"column":12},"end":{"line":344,"column":13}},"type":"if","locations":[{"start":{"line":342,"column":12},"end":{"line":344,"column":13}},{"start":{},"end":{}}],"line":342},"24":{"loc":{"start":{"line":376,"column":12},"end":{"line":382,"column":13}},"type":"if","locations":[{"start":{"line":376,"column":12},"end":{"line":382,"column":13}},{"start":{"line":379,"column":19},"end":{"line":382,"column":13}}],"line":376},"25":{"loc":{"start":{"line":393,"column":12},"end":{"line":395,"column":13}},"type":"if","locations":[{"start":{"line":393,"column":12},"end":{"line":395,"column":13}},{"start":{},"end":{}}],"line":393},"26":{"loc":{"start":{"line":393,"column":15},"end":{"line":393,"column":34}},"type":"binary-expr","locations":[{"start":{"line":393,"column":15},"end":{"line":393,"column":21}},{"start":{"line":393,"column":25},"end":{"line":393,"column":34}}],"line":393},"27":{"loc":{"start":{"line":398,"column":12},"end":{"line":400,"column":13}},"type":"if","locations":[{"start":{"line":398,"column":12},"end":{"line":400,"column":13}},{"start":{},"end":{}}],"line":398},"28":{"loc":{"start":{"line":404,"column":12},"end":{"line":416,"column":13}},"type":"if","locations":[{"start":{"line":404,"column":12},"end":{"line":416,"column":13}},{"start":{"line":414,"column":19},"end":{"line":416,"column":13}}],"line":404},"29":{"loc":{"start":{"line":457,"column":12},"end":{"line":460,"column":13}},"type":"if","locations":[{"start":{"line":457,"column":12},"end":{"line":460,"column":13}},{"start":{},"end":{}}],"line":457},"30":{"loc":{"start":{"line":462,"column":12},"end":{"line":471,"column":13}},"type":"if","locations":[{"start":{"line":462,"column":12},"end":{"line":471,"column":13}},{"start":{"line":465,"column":19},"end":{"line":471,"column":13}}],"line":462},"31":{"loc":{"start":{"line":462,"column":15},"end":{"line":462,"column":35}},"type":"binary-expr","locations":[{"start":{"line":462,"column":15},"end":{"line":462,"column":23}},{"start":{"line":462,"column":27},"end":{"line":462,"column":35}}],"line":462},"32":{"loc":{"start":{"line":465,"column":19},"end":{"line":471,"column":13}},"type":"if","locations":[{"start":{"line":465,"column":19},"end":{"line":471,"column":13}},{"start":{"line":468,"column":19},"end":{"line":471,"column":13}}],"line":465},"33":{"loc":{"start":{"line":468,"column":19},"end":{"line":471,"column":13}},"type":"if","locations":[{"start":{"line":468,"column":19},"end":{"line":471,"column":13}},{"start":{},"end":{}}],"line":468},"34":{"loc":{"start":{"line":473,"column":12},"end":{"line":475,"column":13}},"type":"if","locations":[{"start":{"line":473,"column":12},"end":{"line":475,"column":13}},{"start":{},"end":{}}],"line":473},"35":{"loc":{"start":{"line":499,"column":12},"end":{"line":507,"column":13}},"type":"if","locations":[{"start":{"line":499,"column":12},"end":{"line":507,"column":13}},{"start":{"line":501,"column":19},"end":{"line":507,"column":13}}],"line":499},"36":{"loc":{"start":{"line":544,"column":12},"end":{"line":546,"column":13}},"type":"if","locations":[{"start":{"line":544,"column":12},"end":{"line":546,"column":13}},{"start":{},"end":{}}],"line":544},"37":{"loc":{"start":{"line":555,"column":12},"end":{"line":557,"column":13}},"type":"if","locations":[{"start":{"line":555,"column":12},"end":{"line":557,"column":13}},{"start":{},"end":{}}],"line":555},"38":{"loc":{"start":{"line":571,"column":12},"end":{"line":575,"column":13}},"type":"if","locations":[{"start":{"line":571,"column":12},"end":{"line":575,"column":13}},{"start":{"line":573,"column":19},"end":{"line":575,"column":13}}],"line":571},"39":{"loc":{"start":{"line":573,"column":19},"end":{"line":575,"column":13}},"type":"if","locations":[{"start":{"line":573,"column":19},"end":{"line":575,"column":13}},{"start":{},"end":{}}],"line":573},"40":{"loc":{"start":{"line":578,"column":12},"end":{"line":580,"column":13}},"type":"if","locations":[{"start":{"line":578,"column":12},"end":{"line":580,"column":13}},{"start":{},"end":{}}],"line":578},"41":{"loc":{"start":{"line":593,"column":12},"end":{"line":595,"column":13}},"type":"if","locations":[{"start":{"line":593,"column":12},"end":{"line":595,"column":13}},{"start":{},"end":{}}],"line":593}},"s":{"0":4,"1":4,"2":4,"3":4,"4":4,"5":4,"6":4,"7":4,"8":4,"9":0,"10":0,"11":0,"12":0,"13":0,"14":0,"15":0,"16":0,"17":0,"18":0,"19":0,"20":0,"21":0,"22":0,"23":0,"24":0,"25":0,"26":0,"27":0,"28":0,"29":0,"30":0,"31":0,"32":0,"33":0,"34":0,"35":0,"36":0,"37":0,"38":0,"39":0,"40":0,"41":0,"42":0,"43":0,"44":0,"45":0,"46":0,"47":0,"48":0,"49":0,"50":0,"51":0,"52":0,"53":0,"54":0,"55":0,"56":0,"57":0,"58":0,"59":0,"60":0,"61":0,"62":0,"63":0,"64":0,"65":0,"66":0,"67":0,"68":0,"69":0,"70":0,"71":0,"72":0,"73":0,"74":0,"75":0,"76":0,"77":0,"78":0,"79":0,"80":0,"81":0,"82":0,"83":0,"84":0,"85":0,"86":0,"87":0,"88":0,"89":0,"90":0,"91":0,"92":0,"93":0,"94":0,"95":0,"96":0,"97":0,"98":0,"99":0,"100":0,"101":0,"102":0,"103":0,"104":0,"105":0,"106":0,"107":0,"108":0,"109":0,"110":0,"111":0,"112":0,"113":0,"114":0,"115":0,"116":0,"117":0,"118":0,"119":0,"120":0,"121":0,"122":0,"123":0,"124":0,"125":0,"126":0,"127":0,"128":0,"129":0,"130":0,"131":0,"132":0,"133":0,"134":0,"135":0,"136":0,"137":0,"138":0,"139":0,"140":0,"141":0,"142":0,"143":0,"144":0,"145":0,"146":0,"147":0,"148":0,"149":0,"150":0,"151":0,"152":0,"153":0,"154":0,"155":0,"156":0,"157":0,"158":0,"159":0,"160":0,"161":0,"162":0,"163":0,"164":0,"165":0,"166":4,"167":4,"168":4,"169":1,"170":3,"171":3,"172":1,"173":2,"174":2,"175":1,"176":1,"177":1,"178":1,"179":3,"180":3,"181":8,"182":8,"183":8,"184":1,"185":7,"186":8,"187":8,"188":8,"189":8,"190":8,"191":8,"192":4,"193":4,"194":8,"195":2,"196":6,"197":1,"198":5,"199":1,"200":8,"201":2,"202":8,"203":8,"204":109,"205":109,"206":8,"207":0,"208":0,"209":3,"210":3,"211":3,"212":1,"213":2,"214":2,"215":2,"216":1,"217":0,"218":0,"219":0,"220":0,"221":0,"222":0,"223":0,"224":1,"225":1,"226":1,"227":0,"228":1,"229":1,"230":0,"231":1,"232":1,"233":3,"234":1,"235":0,"236":0,"237":3,"238":3,"239":3,"240":0,"241":3,"242":0,"243":3,"244":3,"245":1,"246":2,"247":2,"248":1,"249":1,"250":2,"251":2,"252":0,"253":0,"254":0,"255":0,"256":0,"257":0,"258":0,"259":0,"260":0,"261":0,"262":0,"263":0,"264":0,"265":0,"266":0,"267":0,"268":0,"269":0,"270":0,"271":4},"f":{"0":0,"1":0,"2":0,"3":0,"4":0,"5":0,"6":0,"7":0,"8":0,"9":0,"10":0,"11":0,"12":0,"13":0,"14":0,"15":0,"16":0,"17":0,"18":0,"19":4,"20":8,"21":8,"22":109,"23":3,"24":0,"25":1,"26":3,"27":3,"28":0,"29":0,"30":0},"b":{"0":[0,0],"1":[0,0],"2":[0,0],"3":[0,0],"4":[0,0],"5":[0,0],"6":[0,0],"7":[0,0],"8":[0,0],"9":[0,0],"10":[0,0],"11":[0,0],"12":[0,0],"13":[0,0],"14":[0,0],"15":[0,0],"16":[0,0],"17":[0,0],"18":[0,0],"19":[0,0,0,0,0,0],"20":[0,0],"21":[0,0],"22":[0,0],"23":[0,0],"24":[0,0],"25":[1,3],"26":[4,3],"27":[1,2],"28":[1,1],"29":[4,4],"30":[2,6],"31":[8,3],"32":[1,5],"33":[1,4],"34":[2,6],"35":[1,2],"36":[0,1],"37":[0,1],"38":[0,3],"39":[0,3],"40":[1,2],"41":[1,1]},"_coverageSchema":"1a1c01bbd47fc00a2c39e90264f33305004495a9","hash":"c01d38cce258f9b82f679792f490c4f65b61a902"}
,"C:\\Hacktiv8 Bootcamp\\Phase2\\w2\\Graded 2 server\\helpers\\helper.js": {"path":"C:\\Hacktiv8 Bootcamp\\Phase2\\w2\\Graded 2 server\\helpers\\helper.js","statementMap":{"0":{"start":{"line":1,"column":15},"end":{"line":1,"column":32}},"1":{"start":{"line":4,"column":2},"end":{"line":4,"column":39}},"2":{"start":{"line":8,"column":20},"end":{"line":11,"column":4}},"3":{"start":{"line":12,"column":2},"end":{"line":12,"column":33}},"4":{"start":{"line":16,"column":15},"end":{"line":16,"column":19}},"5":{"start":{"line":17,"column":21},"end":{"line":22,"column":4}},"6":{"start":{"line":23,"column":21},"end":{"line":28,"column":4}},"7":{"start":{"line":29,"column":28},"end":{"line":29,"column":58}},"8":{"start":{"line":32,"column":2},"end":{"line":32,"column":26}},"9":{"start":{"line":35,"column":0},"end":{"line":35,"column":49}}},"fnMap":{"0":{"name":"crypt","decl":{"start":{"line":3,"column":9},"end":{"line":3,"column":14}},"loc":{"start":{"line":3,"column":25},"end":{"line":5,"column":1}},"line":3},"1":{"name":"currency","decl":{"start":{"line":7,"column":9},"end":{"line":7,"column":17}},"loc":{"start":{"line":7,"column":25},"end":{"line":13,"column":1}},"line":7},"2":{"name":"timeSetter","decl":{"start":{"line":15,"column":9},"end":{"line":15,"column":19}},"loc":{"start":{"line":15,"column":26},"end":{"line":33,"column":1}},"line":15}},"branchMap":{},"s":{"0":4,"1":3,"2":114,"3":114,"4":111,"5":111,"6":111,"7":111,"8":111,"9":4},"f":{"0":3,"1":114,"2":111},"b":{},"_coverageSchema":"1a1c01bbd47fc00a2c39e90264f33305004495a9","hash":"ed6a4b0430aa68d08bf6615d53b4bfce624dba72"}
,"C:\\Hacktiv8 Bootcamp\\Phase2\\w2\\Graded 2 server\\library\\newCustomerAccount.js": {"path":"C:\\Hacktiv8 Bootcamp\\Phase2\\w2\\Graded 2 server\\library\\newCustomerAccount.js","statementMap":{"0":{"start":{"line":1,"column":17},"end":{"line":1,"column":37}},"1":{"start":{"line":2,"column":11},"end":{"line":2,"column":31}},"2":{"start":{"line":3,"column":23},"end":{"line":3,"column":55}},"3":{"start":{"line":4,"column":15},"end":{"line":4,"column":32}},"4":{"start":{"line":7,"column":4},"end":{"line":45,"column":5}},"5":{"start":{"line":8,"column":4},"end":{"line":8,"column":103}},"6":{"start":{"line":11,"column":4},"end":{"line":42,"column":6}},"7":{"start":{"line":44,"column":8},"end":{"line":44,"column":49}},"8":{"start":{"line":49,"column":0},"end":{"line":49,"column":35}}},"fnMap":{"0":{"name":"bulkInsertCustomer","decl":{"start":{"line":6,"column":15},"end":{"line":6,"column":33}},"loc":{"start":{"line":6,"column":36},"end":{"line":47,"column":1}},"line":6}},"branchMap":{},"s":{"0":2,"1":2,"2":2,"3":2,"4":2,"5":2,"6":2,"7":0,"8":2},"f":{"0":2},"b":{},"_coverageSchema":"1a1c01bbd47fc00a2c39e90264f33305004495a9","hash":"2e29c8a7631b39ccd34ee3dbfacf62792f51937f"}
,"C:\\Hacktiv8 Bootcamp\\Phase2\\w2\\Graded 2 server\\library\\seedFavorite.js": {"path":"C:\\Hacktiv8 Bootcamp\\Phase2\\w2\\Graded 2 server\\library\\seedFavorite.js","statementMap":{"0":{"start":{"line":1,"column":21},"end":{"line":1,"column":41}},"1":{"start":{"line":2,"column":11},"end":{"line":2,"column":31}},"2":{"start":{"line":3,"column":23},"end":{"line":3,"column":55}},"3":{"start":{"line":4,"column":15},"end":{"line":4,"column":32}},"4":{"start":{"line":7,"column":4},"end":{"line":51,"column":5}},"5":{"start":{"line":8,"column":4},"end":{"line":8,"column":107}},"6":{"start":{"line":11,"column":4},"end":{"line":48,"column":6}},"7":{"start":{"line":50,"column":8},"end":{"line":50,"column":49}},"8":{"start":{"line":55,"column":0},"end":{"line":55,"column":29}}},"fnMap":{"0":{"name":"seedFavorite","decl":{"start":{"line":6,"column":15},"end":{"line":6,"column":27}},"loc":{"start":{"line":6,"column":30},"end":{"line":53,"column":1}},"line":6}},"branchMap":{},"s":{"0":1,"1":1,"2":1,"3":1,"4":1,"5":1,"6":1,"7":0,"8":1},"f":{"0":1},"b":{},"_coverageSchema":"1a1c01bbd47fc00a2c39e90264f33305004495a9","hash":"0a78298dee2539a36f58ee0673ee38e4ce48c163"}
,"C:\\Hacktiv8 Bootcamp\\Phase2\\w2\\Graded 2 server\\library\\seedFood.js": {"path":"C:\\Hacktiv8 Bootcamp\\Phase2\\w2\\Graded 2 server\\library\\seedFood.js","statementMap":{"0":{"start":{"line":1,"column":17},"end":{"line":1,"column":37}},"1":{"start":{"line":2,"column":11},"end":{"line":2,"column":31}},"2":{"start":{"line":3,"column":23},"end":{"line":3,"column":55}},"3":{"start":{"line":4,"column":15},"end":{"line":4,"column":32}},"4":{"start":{"line":7,"column":2},"end":{"line":378,"column":3}},"5":{"start":{"line":8,"column":4},"end":{"line":12,"column":6}},"6":{"start":{"line":14,"column":4},"end":{"line":375,"column":7}},"7":{"start":{"line":377,"column":4},"end":{"line":377,"column":46}},"8":{"start":{"line":381,"column":0},"end":{"line":381,"column":26}}},"fnMap":{"0":{"name":"seedFood","decl":{"start":{"line":6,"column":15},"end":{"line":6,"column":23}},"loc":{"start":{"line":6,"column":26},"end":{"line":379,"column":1}},"line":6}},"branchMap":{},"s":{"0":2,"1":2,"2":2,"3":2,"4":2,"5":2,"6":2,"7":0,"8":2},"f":{"0":2},"b":{},"_coverageSchema":"1a1c01bbd47fc00a2c39e90264f33305004495a9","hash":"ae43e00c19cdc6a421eb7bc0cb9efada504f55ea"}
,"C:\\Hacktiv8 Bootcamp\\Phase2\\w2\\Graded 2 server\\middleware\\authenticationAndAuthorization.js": {"path":"C:\\Hacktiv8 Bootcamp\\Phase2\\w2\\Graded 2 server\\middleware\\authenticationAndAuthorization.js","statementMap":{"0":{"start":{"line":1,"column":16},"end":{"line":1,"column":34}},"1":{"start":{"line":2,"column":12},"end":{"line":2,"column":21}},"2":{"start":{"line":3,"column":33},"end":{"line":3,"column":53}},"3":{"start":{"line":4,"column":35},"end":{"line":4,"column":63}},"4":{"start":{"line":5,"column":0},"end":{"line":5,"column":47}},"5":{"start":{"line":6,"column":0},"end":{"line":6,"column":23}},"6":{"start":{"line":10,"column":4},"end":{"line":33,"column":7}},"7":{"start":{"line":11,"column":20},"end":{"line":11,"column":37}},"8":{"start":{"line":13,"column":8},"end":{"line":15,"column":9}},"9":{"start":{"line":14,"column":10},"end":{"line":14,"column":40}},"10":{"start":{"line":17,"column":22},"end":{"line":17,"column":40}},"11":{"start":{"line":18,"column":8},"end":{"line":18,"column":61}},"12":{"start":{"line":20,"column":21},"end":{"line":20,"column":56}},"13":{"start":{"line":22,"column":8},"end":{"line":24,"column":9}},"14":{"start":{"line":23,"column":10},"end":{"line":23,"column":40}},"15":{"start":{"line":25,"column":8},"end":{"line":29,"column":9}},"16":{"start":{"line":30,"column":8},"end":{"line":30,"column":14}},"17":{"start":{"line":32,"column":8},"end":{"line":32,"column":17}},"18":{"start":{"line":37,"column":4},"end":{"line":52,"column":7}},"19":{"start":{"line":38,"column":19},"end":{"line":38,"column":53}},"20":{"start":{"line":41,"column":8},"end":{"line":43,"column":9}},"21":{"start":{"line":42,"column":10},"end":{"line":42,"column":36}},"22":{"start":{"line":44,"column":8},"end":{"line":48,"column":9}},"23":{"start":{"line":45,"column":10},"end":{"line":45,"column":16}},"24":{"start":{"line":47,"column":12},"end":{"line":47,"column":37}},"25":{"start":{"line":51,"column":8},"end":{"line":51,"column":17}},"26":{"start":{"line":55,"column":0},"end":{"line":55,"column":48}}},"fnMap":{"0":{"name":"authentication","decl":{"start":{"line":9,"column":15},"end":{"line":9,"column":29}},"loc":{"start":{"line":9,"column":46},"end":{"line":34,"column":1}},"line":9},"1":{"name":"authorization","decl":{"start":{"line":36,"column":15},"end":{"line":36,"column":28}},"loc":{"start":{"line":36,"column":46},"end":{"line":53,"column":1}},"line":36}},"branchMap":{"0":{"loc":{"start":{"line":13,"column":8},"end":{"line":15,"column":9}},"type":"if","locations":[{"start":{"line":13,"column":8},"end":{"line":15,"column":9}},{"start":{},"end":{}}],"line":13},"1":{"loc":{"start":{"line":22,"column":8},"end":{"line":24,"column":9}},"type":"if","locations":[{"start":{"line":22,"column":8},"end":{"line":24,"column":9}},{"start":{},"end":{}}],"line":22},"2":{"loc":{"start":{"line":41,"column":8},"end":{"line":43,"column":9}},"type":"if","locations":[{"start":{"line":41,"column":8},"end":{"line":43,"column":9}},{"start":{},"end":{}}],"line":41},"3":{"loc":{"start":{"line":44,"column":8},"end":{"line":48,"column":9}},"type":"if","locations":[{"start":{"line":44,"column":8},"end":{"line":48,"column":9}},{"start":{"line":46,"column":15},"end":{"line":48,"column":9}}],"line":44},"4":{"loc":{"start":{"line":44,"column":12},"end":{"line":44,"column":73}},"type":"binary-expr","locations":[{"start":{"line":44,"column":12},"end":{"line":44,"column":44}},{"start":{"line":44,"column":48},"end":{"line":44,"column":73}}],"line":44}},"s":{"0":4,"1":4,"2":4,"3":4,"4":4,"5":4,"6":6,"7":6,"8":6,"9":2,"10":4,"11":4,"12":4,"13":4,"14":0,"15":4,"16":4,"17":2,"18":0,"19":0,"20":0,"21":0,"22":0,"23":0,"24":0,"25":0,"26":4},"f":{"0":6,"1":0},"b":{"0":[2,4],"1":[0,4],"2":[0,0],"3":[0,0],"4":[0,0]},"_coverageSchema":"1a1c01bbd47fc00a2c39e90264f33305004495a9","hash":"ac530e63e8966ae04ac9d81354ad1e0fddf5cade"}
,"C:\\Hacktiv8 Bootcamp\\Phase2\\w2\\Graded 2 server\\middleware\\errorHandler.js": {"path":"C:\\Hacktiv8 Bootcamp\\Phase2\\w2\\Graded 2 server\\middleware\\errorHandler.js","statementMap":{"0":{"start":{"line":1,"column":16},"end":{"line":1,"column":34}},"1":{"start":{"line":2,"column":12},"end":{"line":2,"column":21}},"2":{"start":{"line":3,"column":0},"end":{"line":3,"column":24}},"3":{"start":{"line":4,"column":0},"end":{"line":4,"column":48}},"4":{"start":{"line":7,"column":2},"end":{"line":41,"column":3}},"5":{"start":{"line":8,"column":4},"end":{"line":8,"column":61}},"6":{"start":{"line":9,"column":9},"end":{"line":41,"column":3}},"7":{"start":{"line":10,"column":4},"end":{"line":10,"column":60}},"8":{"start":{"line":11,"column":9},"end":{"line":41,"column":3}},"9":{"start":{"line":15,"column":4},"end":{"line":17,"column":7}},"10":{"start":{"line":18,"column":9},"end":{"line":41,"column":3}},"11":{"start":{"line":19,"column":4},"end":{"line":19,"column":72}},"12":{"start":{"line":20,"column":9},"end":{"line":41,"column":3}},"13":{"start":{"line":21,"column":4},"end":{"line":21,"column":66}},"14":{"start":{"line":22,"column":9},"end":{"line":41,"column":3}},"15":{"start":{"line":23,"column":4},"end":{"line":23,"column":51}},"16":{"start":{"line":24,"column":9},"end":{"line":41,"column":3}},"17":{"start":{"line":25,"column":4},"end":{"line":25,"column":55}},"18":{"start":{"line":26,"column":9},"end":{"line":41,"column":3}},"19":{"start":{"line":27,"column":4},"end":{"line":27,"column":61}},"20":{"start":{"line":28,"column":9},"end":{"line":41,"column":3}},"21":{"start":{"line":29,"column":4},"end":{"line":29,"column":55}},"22":{"start":{"line":30,"column":9},"end":{"line":41,"column":3}},"23":{"start":{"line":31,"column":4},"end":{"line":31,"column":72}},"24":{"start":{"line":32,"column":9},"end":{"line":41,"column":3}},"25":{"start":{"line":33,"column":4},"end":{"line":33,"column":59}},"26":{"start":{"line":34,"column":9},"end":{"line":41,"column":3}},"27":{"start":{"line":35,"column":4},"end":{"line":35,"column":59}},"28":{"start":{"line":36,"column":9},"end":{"line":41,"column":3}},"29":{"start":{"line":37,"column":4},"end":{"line":37,"column":71}},"30":{"start":{"line":39,"column":4},"end":{"line":39,"column":21}},"31":{"start":{"line":40,"column":4},"end":{"line":40,"column":63}},"32":{"start":{"line":44,"column":0},"end":{"line":44,"column":30}}},"fnMap":{"0":{"name":"errorHandler","decl":{"start":{"line":6,"column":15},"end":{"line":6,"column":27}},"loc":{"start":{"line":6,"column":49},"end":{"line":42,"column":1}},"line":6}},"branchMap":{"0":{"loc":{"start":{"line":7,"column":2},"end":{"line":41,"column":3}},"type":"if","locations":[{"start":{"line":7,"column":2},"end":{"line":41,"column":3}},{"start":{"line":9,"column":9},"end":{"line":41,"column":3}}],"line":7},"1":{"loc":{"start":{"line":9,"column":9},"end":{"line":41,"column":3}},"type":"if","locations":[{"start":{"line":9,"column":9},"end":{"line":41,"column":3}},{"start":{"line":11,"column":9},"end":{"line":41,"column":3}}],"line":9},"2":{"loc":{"start":{"line":11,"column":9},"end":{"line":41,"column":3}},"type":"if","locations":[{"start":{"line":11,"column":9},"end":{"line":41,"column":3}},{"start":{"line":18,"column":9},"end":{"line":41,"column":3}}],"line":11},"3":{"loc":{"start":{"line":12,"column":4},"end":{"line":13,"column":49}},"type":"binary-expr","locations":[{"start":{"line":12,"column":4},"end":{"line":12,"column":43}},{"start":{"line":13,"column":4},"end":{"line":13,"column":49}}],"line":12},"4":{"loc":{"start":{"line":18,"column":9},"end":{"line":41,"column":3}},"type":"if","locations":[{"start":{"line":18,"column":9},"end":{"line":41,"column":3}},{"start":{"line":20,"column":9},"end":{"line":41,"column":3}}],"line":18},"5":{"loc":{"start":{"line":20,"column":9},"end":{"line":41,"column":3}},"type":"if","locations":[{"start":{"line":20,"column":9},"end":{"line":41,"column":3}},{"start":{"line":22,"column":9},"end":{"line":41,"column":3}}],"line":20},"6":{"loc":{"start":{"line":22,"column":9},"end":{"line":41,"column":3}},"type":"if","locations":[{"start":{"line":22,"column":9},"end":{"line":41,"column":3}},{"start":{"line":24,"column":9},"end":{"line":41,"column":3}}],"line":22},"7":{"loc":{"start":{"line":24,"column":9},"end":{"line":41,"column":3}},"type":"if","locations":[{"start":{"line":24,"column":9},"end":{"line":41,"column":3}},{"start":{"line":26,"column":9},"end":{"line":41,"column":3}}],"line":24},"8":{"loc":{"start":{"line":26,"column":9},"end":{"line":41,"column":3}},"type":"if","locations":[{"start":{"line":26,"column":9},"end":{"line":41,"column":3}},{"start":{"line":28,"column":9},"end":{"line":41,"column":3}}],"line":26},"9":{"loc":{"start":{"line":26,"column":13},"end":{"line":26,"column":71}},"type":"binary-expr","locations":[{"start":{"line":26,"column":13},"end":{"line":26,"column":40}},{"start":{"line":26,"column":44},"end":{"line":26,"column":71}}],"line":26},"10":{"loc":{"start":{"line":28,"column":9},"end":{"line":41,"column":3}},"type":"if","locations":[{"start":{"line":28,"column":9},"end":{"line":41,"column":3}},{"start":{"line":30,"column":9},"end":{"line":41,"column":3}}],"line":28},"11":{"loc":{"start":{"line":30,"column":9},"end":{"line":41,"column":3}},"type":"if","locations":[{"start":{"line":30,"column":9},"end":{"line":41,"column":3}},{"start":{"line":32,"column":9},"end":{"line":41,"column":3}}],"line":30},"12":{"loc":{"start":{"line":32,"column":9},"end":{"line":41,"column":3}},"type":"if","locations":[{"start":{"line":32,"column":9},"end":{"line":41,"column":3}},{"start":{"line":34,"column":9},"end":{"line":41,"column":3}}],"line":32},"13":{"loc":{"start":{"line":34,"column":9},"end":{"line":41,"column":3}},"type":"if","locations":[{"start":{"line":34,"column":9},"end":{"line":41,"column":3}},{"start":{"line":36,"column":9},"end":{"line":41,"column":3}}],"line":34},"14":{"loc":{"start":{"line":36,"column":9},"end":{"line":41,"column":3}},"type":"if","locations":[{"start":{"line":36,"column":9},"end":{"line":41,"column":3}},{"start":{"line":38,"column":9},"end":{"line":41,"column":3}}],"line":36}},"s":{"0":4,"1":4,"2":4,"3":4,"4":15,"5":5,"6":10,"7":2,"8":8,"9":2,"10":6,"11":1,"12":5,"13":2,"14":3,"15":0,"16":3,"17":2,"18":1,"19":0,"20":1,"21":0,"22":1,"23":0,"24":1,"25":0,"26":1,"27":0,"28":1,"29":1,"30":0,"31":0,"32":4},"f":{"0":15},"b":{"0":[5,10],"1":[2,8],"2":[2,6],"3":[8,8],"4":[1,5],"5":[2,3],"6":[0,3],"7":[2,1],"8":[0,1],"9":[1,1],"10":[0,1],"11":[0,1],"12":[0,1],"13":[0,1],"14":[1,0]},"_coverageSchema":"1a1c01bbd47fc00a2c39e90264f33305004495a9","hash":"e72934a55cfebeca50adc9dc6b80262fd0465df5"}
,"C:\\Hacktiv8 Bootcamp\\Phase2\\w2\\Graded 2 server\\middleware\\jwt.js": {"path":"C:\\Hacktiv8 Bootcamp\\Phase2\\w2\\Graded 2 server\\middleware\\jwt.js","statementMap":{"0":{"start":{"line":1,"column":12},"end":{"line":1,"column":35}},"1":{"start":{"line":2,"column":15},"end":{"line":2,"column":33}},"2":{"start":{"line":5,"column":4},"end":{"line":5,"column":36}},"3":{"start":{"line":9,"column":4},"end":{"line":9,"column":36}},"4":{"start":{"line":12,"column":0},"end":{"line":12,"column":43}}},"fnMap":{"0":{"name":"createToken","decl":{"start":{"line":4,"column":9},"end":{"line":4,"column":20}},"loc":{"start":{"line":4,"column":31},"end":{"line":6,"column":1}},"line":4},"1":{"name":"decodeToken","decl":{"start":{"line":8,"column":9},"end":{"line":8,"column":20}},"loc":{"start":{"line":8,"column":29},"end":{"line":10,"column":1}},"line":8}},"branchMap":{},"s":{"0":4,"1":4,"2":2,"3":4,"4":4},"f":{"0":2,"1":4},"b":{},"_coverageSchema":"1a1c01bbd47fc00a2c39e90264f33305004495a9","hash":"e52dc5ef8d29db8061c894f51f85958c696ca346"}
,"C:\\Hacktiv8 Bootcamp\\Phase2\\w2\\Graded 2 server\\models\\category.js": {"path":"C:\\Hacktiv8 Bootcamp\\Phase2\\w2\\Graded 2 server\\models\\category.js","statementMap":{"0":{"start":{"line":4,"column":4},"end":{"line":4,"column":24}},"1":{"start":{"line":5,"column":0},"end":{"line":31,"column":2}},"2":{"start":{"line":14,"column":6},"end":{"line":14,"column":64}},"3":{"start":{"line":17,"column":2},"end":{"line":29,"column":5}},"4":{"start":{"line":30,"column":2},"end":{"line":30,"column":18}}},"fnMap":{"0":{"name":"(anonymous_0)","decl":{"start":{"line":5,"column":17},"end":{"line":5,"column":18}},"loc":{"start":{"line":5,"column":43},"end":{"line":31,"column":1}},"line":5},"1":{"name":"(anonymous_1)","decl":{"start":{"line":12,"column":4},"end":{"line":12,"column":5}},"loc":{"start":{"line":12,"column":29},"end":{"line":15,"column":5}},"line":12}},"branchMap":{},"s":{"0":4,"1":4,"2":4,"3":4,"4":4},"f":{"0":4,"1":4},"b":{},"_coverageSchema":"1a1c01bbd47fc00a2c39e90264f33305004495a9","hash":"82cb686be6f57c19df70564c3cc68dade7b97dd9"}
,"C:\\Hacktiv8 Bootcamp\\Phase2\\w2\\Graded 2 server\\models\\favorite.js": {"path":"C:\\Hacktiv8 Bootcamp\\Phase2\\w2\\Graded 2 server\\models\\favorite.js","statementMap":{"0":{"start":{"line":4,"column":4},"end":{"line":4,"column":24}},"1":{"start":{"line":5,"column":0},"end":{"line":40,"column":2}},"2":{"start":{"line":14,"column":6},"end":{"line":14,"column":37}},"3":{"start":{"line":15,"column":6},"end":{"line":15,"column":37}},"4":{"start":{"line":18,"column":2},"end":{"line":38,"column":5}},"5":{"start":{"line":39,"column":2},"end":{"line":39,"column":18}}},"fnMap":{"0":{"name":"(anonymous_0)","decl":{"start":{"line":5,"column":17},"end":{"line":5,"column":18}},"loc":{"start":{"line":5,"column":43},"end":{"line":40,"column":1}},"line":5},"1":{"name":"(anonymous_1)","decl":{"start":{"line":12,"column":4},"end":{"line":12,"column":5}},"loc":{"start":{"line":12,"column":29},"end":{"line":16,"column":5}},"line":12}},"branchMap":{},"s":{"0":4,"1":4,"2":4,"3":4,"4":4,"5":4},"f":{"0":4,"1":4},"b":{},"_coverageSchema":"1a1c01bbd47fc00a2c39e90264f33305004495a9","hash":"9662913aef7f94a474dd336b849be9c37061321d"}
,"C:\\Hacktiv8 Bootcamp\\Phase2\\w2\\Graded 2 server\\models\\food.js": {"path":"C:\\Hacktiv8 Bootcamp\\Phase2\\w2\\Graded 2 server\\models\\food.js","statementMap":{"0":{"start":{"line":4,"column":4},"end":{"line":4,"column":24}},"1":{"start":{"line":5,"column":0},"end":{"line":79,"column":2}},"2":{"start":{"line":14,"column":6},"end":{"line":14,"column":59}},"3":{"start":{"line":15,"column":6},"end":{"line":15,"column":65}},"4":{"start":{"line":16,"column":6},"end":{"line":16,"column":35}},"5":{"start":{"line":19,"column":2},"end":{"line":74,"column":5}},"6":{"start":{"line":75,"column":2},"end":{"line":77,"column":4}},"7":{"start":{"line":76,"column":4},"end":{"line":76,"column":27}},"8":{"start":{"line":78,"column":2},"end":{"line":78,"column":14}}},"fnMap":{"0":{"name":"(anonymous_0)","decl":{"start":{"line":5,"column":17},"end":{"line":5,"column":18}},"loc":{"start":{"line":5,"column":43},"end":{"line":79,"column":1}},"line":5},"1":{"name":"(anonymous_1)","decl":{"start":{"line":12,"column":4},"end":{"line":12,"column":5}},"loc":{"start":{"line":12,"column":29},"end":{"line":17,"column":5}},"line":12},"2":{"name":"(anonymous_2)","decl":{"start":{"line":75,"column":31},"end":{"line":75,"column":32}},"loc":{"start":{"line":75,"column":50},"end":{"line":77,"column":3}},"line":75}},"branchMap":{},"s":{"0":4,"1":4,"2":4,"3":4,"4":4,"5":4,"6":4,"7":0,"8":4},"f":{"0":4,"1":4,"2":0},"b":{},"_coverageSchema":"1a1c01bbd47fc00a2c39e90264f33305004495a9","hash":"dda2a3e036cdd732b1945848dde97687c4601e24"}
,"C:\\Hacktiv8 Bootcamp\\Phase2\\w2\\Graded 2 server\\models\\history.js": {"path":"C:\\Hacktiv8 Bootcamp\\Phase2\\w2\\Graded 2 server\\models\\history.js","statementMap":{"0":{"start":{"line":4,"column":4},"end":{"line":4,"column":24}},"1":{"start":{"line":5,"column":0},"end":{"line":25,"column":2}},"2":{"start":{"line":16,"column":2},"end":{"line":23,"column":5}},"3":{"start":{"line":24,"column":2},"end":{"line":24,"column":17}}},"fnMap":{"0":{"name":"(anonymous_0)","decl":{"start":{"line":5,"column":17},"end":{"line":5,"column":18}},"loc":{"start":{"line":5,"column":43},"end":{"line":25,"column":1}},"line":5},"1":{"name":"(anonymous_1)","decl":{"start":{"line":12,"column":4},"end":{"line":12,"column":5}},"loc":{"start":{"line":12,"column":29},"end":{"line":14,"column":5}},"line":12}},"branchMap":{},"s":{"0":4,"1":4,"2":4,"3":4},"f":{"0":4,"1":4},"b":{},"_coverageSchema":"1a1c01bbd47fc00a2c39e90264f33305004495a9","hash":"1771ebd0cdc6734b5a6f3b1f6881a90f88210d6c"}
,"C:\\Hacktiv8 Bootcamp\\Phase2\\w2\\Graded 2 server\\models\\index.js": {"path":"C:\\Hacktiv8 Bootcamp\\Phase2\\w2\\Graded 2 server\\models\\index.js","statementMap":{"0":{"start":{"line":3,"column":11},"end":{"line":3,"column":24}},"1":{"start":{"line":4,"column":13},"end":{"line":4,"column":28}},"2":{"start":{"line":5,"column":18},"end":{"line":5,"column":38}},"3":{"start":{"line":6,"column":16},"end":{"line":6,"column":34}},"4":{"start":{"line":7,"column":17},"end":{"line":7,"column":42}},"5":{"start":{"line":8,"column":12},"end":{"line":8,"column":49}},"6":{"start":{"line":9,"column":15},"end":{"line":9,"column":65}},"7":{"start":{"line":10,"column":11},"end":{"line":10,"column":13}},"8":{"start":{"line":13,"column":0},"end":{"line":17,"column":1}},"9":{"start":{"line":14,"column":2},"end":{"line":14,"column":74}},"10":{"start":{"line":16,"column":2},"end":{"line":16,"column":87}},"11":{"start":{"line":19,"column":0},"end":{"line":32,"column":5}},"12":{"start":{"line":22,"column":4},"end":{"line":27,"column":6}},"13":{"start":{"line":30,"column":18},"end":{"line":30,"column":85}},"14":{"start":{"line":31,"column":4},"end":{"line":31,"column":27}},"15":{"start":{"line":34,"column":0},"end":{"line":38,"column":3}},"16":{"start":{"line":35,"column":2},"end":{"line":37,"column":3}},"17":{"start":{"line":36,"column":4},"end":{"line":36,"column":32}},"18":{"start":{"line":40,"column":0},"end":{"line":40,"column":25}},"19":{"start":{"line":41,"column":0},"end":{"line":41,"column":25}},"20":{"start":{"line":43,"column":0},"end":{"line":43,"column":20}}},"fnMap":{"0":{"name":"(anonymous_0)","decl":{"start":{"line":21,"column":10},"end":{"line":21,"column":11}},"loc":{"start":{"line":21,"column":18},"end":{"line":28,"column":3}},"line":21},"1":{"name":"(anonymous_1)","decl":{"start":{"line":29,"column":11},"end":{"line":29,"column":12}},"loc":{"start":{"line":29,"column":19},"end":{"line":32,"column":3}},"line":29},"2":{"name":"(anonymous_2)","decl":{"start":{"line":34,"column":24},"end":{"line":34,"column":25}},"loc":{"start":{"line":34,"column":37},"end":{"line":38,"column":1}},"line":34}},"branchMap":{"0":{"loc":{"start":{"line":8,"column":12},"end":{"line":8,"column":49}},"type":"binary-expr","locations":[{"start":{"line":8,"column":12},"end":{"line":8,"column":32}},{"start":{"line":8,"column":36},"end":{"line":8,"column":49}}],"line":8},"1":{"loc":{"start":{"line":13,"column":0},"end":{"line":17,"column":1}},"type":"if","locations":[{"start":{"line":13,"column":0},"end":{"line":17,"column":1}},{"start":{"line":15,"column":7},"end":{"line":17,"column":1}}],"line":13},"2":{"loc":{"start":{"line":23,"column":6},"end":{"line":26,"column":37}},"type":"binary-expr","locations":[{"start":{"line":23,"column":6},"end":{"line":23,"column":29}},{"start":{"line":24,"column":6},"end":{"line":24,"column":23}},{"start":{"line":25,"column":6},"end":{"line":25,"column":30}},{"start":{"line":26,"column":6},"end":{"line":26,"column":37}}],"line":23},"3":{"loc":{"start":{"line":35,"column":2},"end":{"line":37,"column":3}},"type":"if","locations":[{"start":{"line":35,"column":2},"end":{"line":37,"column":3}},{"start":{},"end":{}}],"line":35}},"s":{"0":4,"1":4,"2":4,"3":4,"4":4,"5":4,"6":4,"7":4,"8":4,"9":0,"10":4,"11":4,"12":24,"13":20,"14":20,"15":4,"16":20,"17":20,"18":4,"19":4,"20":4},"f":{"0":24,"1":20,"2":20},"b":{"0":[4,0],"1":[0,4],"2":[24,24,20,20],"3":[20,0]},"_coverageSchema":"1a1c01bbd47fc00a2c39e90264f33305004495a9","hash":"0fcaa0018be28c7f066769a0bb0ed02c2ac35926"}
,"C:\\Hacktiv8 Bootcamp\\Phase2\\w2\\Graded 2 server\\models\\user.js": {"path":"C:\\Hacktiv8 Bootcamp\\Phase2\\w2\\Graded 2 server\\models\\user.js","statementMap":{"0":{"start":{"line":2,"column":16},"end":{"line":2,"column":44}},"1":{"start":{"line":6,"column":4},"end":{"line":6,"column":24}},"2":{"start":{"line":7,"column":0},"end":{"line":68,"column":2}},"3":{"start":{"line":16,"column":6},"end":{"line":16,"column":58}},"4":{"start":{"line":19,"column":2},"end":{"line":66,"column":5}},"5":{"start":{"line":60,"column":8},"end":{"line":60,"column":44}},"6":{"start":{"line":67,"column":2},"end":{"line":67,"column":14}}},"fnMap":{"0":{"name":"(anonymous_0)","decl":{"start":{"line":7,"column":17},"end":{"line":7,"column":18}},"loc":{"start":{"line":7,"column":43},"end":{"line":68,"column":1}},"line":7},"1":{"name":"(anonymous_1)","decl":{"start":{"line":14,"column":4},"end":{"line":14,"column":5}},"loc":{"start":{"line":14,"column":29},"end":{"line":17,"column":5}},"line":14},"2":{"name":"(anonymous_2)","decl":{"start":{"line":59,"column":20},"end":{"line":59,"column":21}},"loc":{"start":{"line":59,"column":39},"end":{"line":62,"column":7}},"line":59}},"branchMap":{},"s":{"0":4,"1":4,"2":4,"3":4,"4":4,"5":3,"6":4},"f":{"0":4,"1":4,"2":3},"b":{},"_coverageSchema":"1a1c01bbd47fc00a2c39e90264f33305004495a9","hash":"981c2630b0fbf91e5cd0af36ef26c70db1b0e2d2"}
,"C:\\Hacktiv8 Bootcamp\\Phase2\\w2\\Graded 2 server\\routes\\category.js": {"path":"C:\\Hacktiv8 Bootcamp\\Phase2\\w2\\Graded 2 server\\routes\\category.js","statementMap":{"0":{"start":{"line":1,"column":16},"end":{"line":1,"column":34}},"1":{"start":{"line":2,"column":15},"end":{"line":2,"column":31}},"2":{"start":{"line":3,"column":40},"end":{"line":3,"column":95}},"3":{"start":{"line":4,"column":21},"end":{"line":4,"column":58}},"4":{"start":{"line":5,"column":19},"end":{"line":5,"column":55}},"5":{"start":{"line":8,"column":0},"end":{"line":8,"column":43}},"6":{"start":{"line":9,"column":0},"end":{"line":9,"column":39}},"7":{"start":{"line":10,"column":0},"end":{"line":10,"column":46}},"8":{"start":{"line":11,"column":0},"end":{"line":11,"column":48}},"9":{"start":{"line":14,"column":0},"end":{"line":14,"column":46}},"10":{"start":{"line":15,"column":0},"end":{"line":15,"column":55}},"11":{"start":{"line":18,"column":0},"end":{"line":18,"column":23}}},"fnMap":{},"branchMap":{},"s":{"0":4,"1":4,"2":4,"3":4,"4":4,"5":4,"6":4,"7":4,"8":4,"9":4,"10":4,"11":4},"f":{},"b":{},"_coverageSchema":"1a1c01bbd47fc00a2c39e90264f33305004495a9","hash":"910d123ecd1504445803cfe5030cbfb0bc747fb9"}
,"C:\\Hacktiv8 Bootcamp\\Phase2\\w2\\Graded 2 server\\routes\\food.js": {"path":"C:\\Hacktiv8 Bootcamp\\Phase2\\w2\\Graded 2 server\\routes\\food.js","statementMap":{"0":{"start":{"line":1,"column":16},"end":{"line":1,"column":34}},"1":{"start":{"line":2,"column":15},"end":{"line":2,"column":31}},"2":{"start":{"line":3,"column":40},"end":{"line":3,"column":95}},"3":{"start":{"line":4,"column":21},"end":{"line":4,"column":58}},"4":{"start":{"line":5,"column":19},"end":{"line":5,"column":55}},"5":{"start":{"line":8,"column":0},"end":{"line":8,"column":39}},"6":{"start":{"line":9,"column":0},"end":{"line":9,"column":35}},"7":{"start":{"line":10,"column":0},"end":{"line":10,"column":42}},"8":{"start":{"line":13,"column":0},"end":{"line":13,"column":51}},"9":{"start":{"line":14,"column":0},"end":{"line":14,"column":53}},"10":{"start":{"line":15,"column":0},"end":{"line":15,"column":57}},"11":{"start":{"line":21,"column":0},"end":{"line":21,"column":23}}},"fnMap":{},"branchMap":{},"s":{"0":4,"1":4,"2":4,"3":4,"4":4,"5":4,"6":4,"7":4,"8":4,"9":4,"10":4,"11":4},"f":{},"b":{},"_coverageSchema":"1a1c01bbd47fc00a2c39e90264f33305004495a9","hash":"5b786b0afa03e925eac28b199c0d5549ed17e37e"}
,"C:\\Hacktiv8 Bootcamp\\Phase2\\w2\\Graded 2 server\\routes\\index.js": {"path":"C:\\Hacktiv8 Bootcamp\\Phase2\\w2\\Graded 2 server\\routes\\index.js","statementMap":{"0":{"start":{"line":1,"column":16},"end":{"line":1,"column":34}},"1":{"start":{"line":2,"column":15},"end":{"line":2,"column":31}},"2":{"start":{"line":3,"column":40},"end":{"line":3,"column":95}},"3":{"start":{"line":4,"column":21},"end":{"line":4,"column":58}},"4":{"start":{"line":5,"column":19},"end":{"line":5,"column":55}},"5":{"start":{"line":7,"column":13},"end":{"line":7,"column":30}},"6":{"start":{"line":8,"column":17},"end":{"line":8,"column":38}},"7":{"start":{"line":9,"column":12},"end":{"line":9,"column":28}},"8":{"start":{"line":13,"column":0},"end":{"line":13,"column":48}},"9":{"start":{"line":14,"column":0},"end":{"line":14,"column":39}},"10":{"start":{"line":15,"column":0},"end":{"line":15,"column":54}},"11":{"start":{"line":24,"column":0},"end":{"line":24,"column":23}},"12":{"start":{"line":27,"column":0},"end":{"line":27,"column":26}},"13":{"start":{"line":34,"column":0},"end":{"line":34,"column":25}},"14":{"start":{"line":35,"column":0},"end":{"line":35,"column":35}},"15":{"start":{"line":38,"column":0},"end":{"line":38,"column":45}},"16":{"start":{"line":41,"column":0},"end":{"line":41,"column":24}},"17":{"start":{"line":43,"column":0},"end":{"line":43,"column":23}}},"fnMap":{},"branchMap":{},"s":{"0":4,"1":4,"2":4,"3":4,"4":4,"5":4,"6":4,"7":4,"8":4,"9":4,"10":4,"11":4,"12":4,"13":4,"14":4,"15":4,"16":4,"17":4},"f":{},"b":{},"_coverageSchema":"1a1c01bbd47fc00a2c39e90264f33305004495a9","hash":"8a8176d7e7c1b5f03c4830ae699302b85310b16d"}
,"C:\\Hacktiv8 Bootcamp\\Phase2\\w2\\Graded 2 server\\routes\\pub.js": {"path":"C:\\Hacktiv8 Bootcamp\\Phase2\\w2\\Graded 2 server\\routes\\pub.js","statementMap":{"0":{"start":{"line":1,"column":16},"end":{"line":1,"column":34}},"1":{"start":{"line":2,"column":15},"end":{"line":2,"column":31}},"2":{"start":{"line":3,"column":40},"end":{"line":3,"column":95}},"3":{"start":{"line":4,"column":21},"end":{"line":4,"column":58}},"4":{"start":{"line":5,"column":19},"end":{"line":5,"column":55}},"5":{"start":{"line":7,"column":0},"end":{"line":7,"column":47}},"6":{"start":{"line":8,"column":0},"end":{"line":8,"column":62}},"7":{"start":{"line":9,"column":0},"end":{"line":9,"column":53}},"8":{"start":{"line":10,"column":0},"end":{"line":10,"column":47}},"9":{"start":{"line":11,"column":0},"end":{"line":11,"column":55}},"10":{"start":{"line":12,"column":0},"end":{"line":12,"column":42}},"11":{"start":{"line":14,"column":0},"end":{"line":14,"column":26}},"12":{"start":{"line":16,"column":0},"end":{"line":16,"column":56}},"13":{"start":{"line":17,"column":0},"end":{"line":17,"column":66}},"14":{"start":{"line":22,"column":0},"end":{"line":22,"column":23}}},"fnMap":{},"branchMap":{},"s":{"0":4,"1":4,"2":4,"3":4,"4":4,"5":4,"6":4,"7":4,"8":4,"9":4,"10":4,"11":4,"12":4,"13":4,"14":4},"f":{},"b":{},"_coverageSchema":"1a1c01bbd47fc00a2c39e90264f33305004495a9","hash":"50209077f892d17c602e87449c32886da79b33d8"}
}
