TN:
SF:app.js
FNF:0
FNH:0
DA:1,4
DA:2,4
DA:4,4
DA:5,4
DA:6,4
DA:7,4
DA:9,4
DA:10,4
DA:11,4
DA:12,4
DA:14,4
DA:18,4
LF:12
LH:12
BRDA:1,0,0,4
BRDA:1,0,1,0
BRDA:6,1,0,4
BRDA:6,1,1,4
BRF:4
BRH:3
end_of_record
TN:
SF:controllers\controller.js
FN:15,(anonymous_0)
FN:32,(anonymous_1)
FN:40,(anonymous_2)
FN:49,(anonymous_3)
FN:63,(anonymous_4)
FN:82,(anonymous_5)
FN:95,(anonymous_6)
FN:114,(anonymous_7)
FN:147,(anonymous_8)
FN:166,(anonymous_9)
FN:177,(anonymous_10)
FN:209,(anonymous_11)
FN:249,(anonymous_12)
FN:284,(anonymous_13)
FN:315,(anonymous_14)
FN:336,(anonymous_15)
FN:356,(anonymous_16)
FN:362,(anonymous_17)
FN:373,(anonymous_18)
FN:390,(anonymous_19)
FN:423,(anonymous_20)
FN:442,(anonymous_21)
FN:479,(anonymous_22)
FN:493,(anonymous_23)
FN:513,(anonymous_24)
FN:540,(anonymous_25)
FN:559,(anonymous_26)
FN:567,(anonymous_27)
FN:604,(anonymous_28)
FN:639,(anonymous_29)
FN:649,(anonymous_30)
FNF:31
FNH:8
FNDA:0,(anonymous_0)
FNDA:0,(anonymous_1)
FNDA:0,(anonymous_2)
FNDA:0,(anonymous_3)
FNDA:0,(anonymous_4)
FNDA:0,(anonymous_5)
FNDA:0,(anonymous_6)
FNDA:0,(anonymous_7)
FNDA:0,(anonymous_8)
FNDA:0,(anonymous_9)
FNDA:0,(anonymous_10)
FNDA:0,(anonymous_11)
FNDA:0,(anonymous_12)
FNDA:0,(anonymous_13)
FNDA:0,(anonymous_14)
FNDA:0,(anonymous_15)
FNDA:0,(anonymous_16)
FNDA:0,(anonymous_17)
FNDA:0,(anonymous_18)
FNDA:4,(anonymous_19)
FNDA:8,(anonymous_20)
FNDA:8,(anonymous_21)
FNDA:109,(anonymous_22)
FNDA:3,(anonymous_23)
FNDA:0,(anonymous_24)
FNDA:1,(anonymous_25)
FNDA:3,(anonymous_26)
FNDA:3,(anonymous_27)
FNDA:0,(anonymous_28)
FNDA:0,(anonymous_29)
FNDA:0,(anonymous_30)
DA:1,4
DA:2,4
DA:3,4
DA:4,4
DA:5,4
DA:6,4
DA:7,4
DA:8,4
DA:9,4
DA:16,0
DA:17,0
DA:25,0
DA:27,0
DA:33,0
DA:34,0
DA:40,0
DA:42,0
DA:44,0
DA:50,0
DA:51,0
DA:52,0
DA:53,0
DA:55,0
DA:58,0
DA:64,0
DA:65,0
DA:66,0
DA:67,0
DA:68,0
DA:70,0
DA:71,0
DA:74,0
DA:77,0
DA:83,0
DA:84,0
DA:87,0
DA:89,0
DA:96,0
DA:97,0
DA:99,0
DA:108,0
DA:110,0
DA:115,0
DA:116,0
DA:117,0
DA:118,0
DA:121,0
DA:122,0
DA:124,0
DA:127,0
DA:128,0
DA:130,0
DA:137,0
DA:139,0
DA:142,0
DA:143,0
DA:148,0
DA:149,0
DA:150,0
DA:151,0
DA:152,0
DA:154,0
DA:155,0
DA:158,0
DA:159,0
DA:162,0
DA:167,0
DA:168,0
DA:171,0
DA:173,0
DA:178,0
DA:179,0
DA:180,0
DA:184,0
DA:185,0
DA:188,0
DA:199,0
DA:200,0
DA:203,0
DA:204,0
DA:210,0
DA:212,0
DA:213,0
DA:215,0
DA:216,0
DA:220,0
DA:221,0
DA:222,0
DA:225,0
DA:226,0
DA:227,0
DA:228,0
DA:229,0
DA:230,0
DA:233,0
DA:239,0
DA:240,0
DA:242,0
DA:245,0
DA:250,0
DA:251,0
DA:252,0
DA:253,0
DA:256,0
DA:257,0
DA:258,0
DA:261,0
DA:262,0
DA:263,0
DA:264,0
DA:265,0
DA:266,0
DA:268,0
DA:274,0
DA:275,0
DA:277,0
DA:280,0
DA:285,0
DA:286,0
DA:288,0
DA:292,0
DA:293,0
DA:295,0
DA:296,0
DA:297,0
DA:300,0
DA:309,0
DA:311,0
DA:316,0
DA:317,0
DA:318,0
DA:319,0
DA:320,0
DA:322,0
DA:323,0
DA:324,0
DA:326,0
DA:329,0
DA:331,0
DA:332,0
DA:337,0
DA:338,0
DA:339,0
DA:341,0
DA:342,0
DA:343,0
DA:345,0
DA:348,0
DA:349,0
DA:351,0
DA:352,0
DA:357,0
DA:358,0
DA:362,0
DA:363,0
DA:364,0
DA:367,0
DA:369,0
DA:374,0
DA:375,0
DA:376,0
DA:377,0
DA:378,0
DA:381,0
DA:384,0
DA:391,4
DA:392,4
DA:393,4
DA:394,1
DA:397,3
DA:398,3
DA:399,1
DA:402,2
DA:404,2
DA:405,1
DA:407,1
DA:413,1
DA:415,1
DA:418,3
DA:419,3
DA:424,8
DA:425,8
DA:427,8
DA:436,1
DA:438,7
DA:443,8
DA:444,8
DA:445,8
DA:446,8
DA:451,8
DA:457,8
DA:458,4
DA:459,4
DA:462,8
DA:463,2
DA:465,6
DA:466,1
DA:468,5
DA:469,1
DA:473,8
DA:474,2
DA:478,8
DA:479,8
DA:480,109
DA:481,109
DA:486,8
DA:488,0
DA:489,0
DA:494,3
DA:496,3
DA:499,3
DA:500,1
DA:502,2
DA:503,2
DA:506,2
DA:509,1
DA:514,0
DA:515,0
DA:516,0
DA:532,0
DA:533,0
DA:535,0
DA:536,0
DA:542,1
DA:543,1
DA:544,1
DA:545,0
DA:548,1
DA:555,1
DA:556,0
DA:558,1
DA:559,3
DA:560,1
DA:562,0
DA:563,0
DA:568,3
DA:570,3
DA:571,3
DA:572,0
DA:573,3
DA:574,0
DA:577,3
DA:578,3
DA:579,1
DA:582,2
DA:593,2
DA:594,1
DA:597,1
DA:599,2
DA:600,2
DA:605,0
DA:606,0
DA:607,0
DA:611,0
DA:612,0
DA:615,0
DA:626,0
DA:627,0
DA:630,0
DA:631,0
DA:640,0
DA:641,0
DA:642,0
DA:643,0
DA:645,0
DA:650,0
DA:651,0
DA:652,0
DA:654,0
DA:661,4
LF:270
LH:80
BRDA:52,0,0,0
BRDA:52,0,1,0
BRDA:67,1,0,0
BRDA:67,1,1,0
BRDA:117,2,0,0
BRDA:117,2,1,0
BRDA:117,3,0,0
BRDA:117,3,1,0
BRDA:122,4,0,0
BRDA:122,4,1,0
BRDA:127,5,0,0
BRDA:127,5,1,0
BRDA:151,6,0,0
BRDA:151,6,1,0
BRDA:221,7,0,0
BRDA:221,7,1,0
BRDA:225,8,0,0
BRDA:225,8,1,0
BRDA:227,9,0,0
BRDA:227,9,1,0
BRDA:229,10,0,0
BRDA:229,10,1,0
BRDA:239,11,0,0
BRDA:239,11,1,0
BRDA:239,12,0,0
BRDA:239,12,1,0
BRDA:257,13,0,0
BRDA:257,13,1,0
BRDA:261,14,0,0
BRDA:261,14,1,0
BRDA:263,15,0,0
BRDA:263,15,1,0
BRDA:265,16,0,0
BRDA:265,16,1,0
BRDA:274,17,0,0
BRDA:274,17,1,0
BRDA:292,18,0,0
BRDA:292,18,1,0
BRDA:292,19,0,0
BRDA:292,19,1,0
BRDA:292,19,2,0
BRDA:292,19,3,0
BRDA:292,19,4,0
BRDA:292,19,5,0
BRDA:296,20,0,0
BRDA:296,20,1,0
BRDA:319,21,0,0
BRDA:319,21,1,0
BRDA:323,22,0,0
BRDA:323,22,1,0
BRDA:342,23,0,0
BRDA:342,23,1,0
BRDA:376,24,0,0
BRDA:376,24,1,0
BRDA:393,25,0,1
BRDA:393,25,1,3
BRDA:393,26,0,4
BRDA:393,26,1,3
BRDA:398,27,0,1
BRDA:398,27,1,2
BRDA:404,28,0,1
BRDA:404,28,1,1
BRDA:457,29,0,4
BRDA:457,29,1,4
BRDA:462,30,0,2
BRDA:462,30,1,6
BRDA:462,31,0,8
BRDA:462,31,1,3
BRDA:465,32,0,1
BRDA:465,32,1,5
BRDA:468,33,0,1
BRDA:468,33,1,4
BRDA:473,34,0,2
BRDA:473,34,1,6
BRDA:499,35,0,1
BRDA:499,35,1,2
BRDA:544,36,0,0
BRDA:544,36,1,1
BRDA:555,37,0,0
BRDA:555,37,1,1
BRDA:571,38,0,0
BRDA:571,38,1,3
BRDA:573,39,0,0
BRDA:573,39,1,3
BRDA:578,40,0,1
BRDA:578,40,1,2
BRDA:593,41,0,1
BRDA:593,41,1,1
BRF:88
BRH:30
end_of_record
TN:
SF:helpers\helper.js
FN:3,crypt
FN:7,currency
FN:15,timeSetter
FNF:3
FNH:3
FNDA:3,crypt
FNDA:114,currency
FNDA:111,timeSetter
DA:1,4
DA:4,3
DA:8,114
DA:12,114
DA:16,111
DA:17,111
DA:23,111
DA:29,111
DA:32,111
DA:35,4
LF:10
LH:10
BRF:0
BRH:0
end_of_record
TN:
SF:library\newCustomerAccount.js
FN:6,bulkInsertCustomer
FNF:1
FNH:1
FNDA:2,bulkInsertCustomer
DA:1,2
DA:2,2
DA:3,2
DA:4,2
DA:7,2
DA:8,2
DA:11,2
DA:44,0
DA:49,2
LF:9
LH:8
BRF:0
BRH:0
end_of_record
TN:
SF:library\seedFavorite.js
FN:6,seedFavorite
FNF:1
FNH:1
FNDA:1,seedFavorite
DA:1,1
DA:2,1
DA:3,1
DA:4,1
DA:7,1
DA:8,1
DA:11,1
DA:50,0
DA:55,1
LF:9
LH:8
BRF:0
BRH:0
end_of_record
TN:
SF:library\seedFood.js
FN:6,seedFood
FNF:1
FNH:1
FNDA:2,seedFood
DA:1,2
DA:2,2
DA:3,2
DA:4,2
DA:7,2
DA:8,2
DA:14,2
DA:377,0
DA:381,2
LF:9
LH:8
BRF:0
BRH:0
end_of_record
TN:
SF:middleware\authenticationAndAuthorization.js
FN:9,authentication
FN:36,authorization
FNF:2
FNH:1
FNDA:6,authentication
FNDA:0,authorization
DA:1,4
DA:2,4
DA:3,4
DA:4,4
DA:5,4
DA:6,4
DA:10,6
DA:11,6
DA:13,6
DA:14,2
DA:17,4
DA:18,4
DA:20,4
DA:22,4
DA:23,0
DA:25,4
DA:30,4
DA:32,2
DA:37,0
DA:38,0
DA:41,0
DA:42,0
DA:44,0
DA:45,0
DA:47,0
DA:51,0
DA:55,4
LF:27
LH:18
BRDA:13,0,0,2
BRDA:13,0,1,4
BRDA:22,1,0,0
BRDA:22,1,1,4
BRDA:41,2,0,0
BRDA:41,2,1,0
BRDA:44,3,0,0
BRDA:44,3,1,0
BRDA:44,4,0,0
BRDA:44,4,1,0
BRF:10
BRH:3
end_of_record
TN:
SF:middleware\errorHandler.js
FN:6,errorHandler
FNF:1
FNH:1
FNDA:15,errorHandler
DA:1,4
DA:2,4
DA:3,4
DA:4,4
DA:7,15
DA:8,5
DA:9,10
DA:10,2
DA:11,8
DA:15,2
DA:18,6
DA:19,1
DA:20,5
DA:21,2
DA:22,3
DA:23,0
DA:24,3
DA:25,2
DA:26,1
DA:27,0
DA:28,1
DA:29,0
DA:30,1
DA:31,0
DA:32,1
DA:33,0
DA:34,1
DA:35,0
DA:36,1
DA:37,1
DA:39,0
DA:40,0
DA:44,4
LF:33
LH:25
BRDA:7,0,0,5
BRDA:7,0,1,10
BRDA:9,1,0,2
BRDA:9,1,1,8
BRDA:11,2,0,2
BRDA:11,2,1,6
BRDA:12,3,0,8
BRDA:12,3,1,8
BRDA:18,4,0,1
BRDA:18,4,1,5
BRDA:20,5,0,2
BRDA:20,5,1,3
BRDA:22,6,0,0
BRDA:22,6,1,3
BRDA:24,7,0,2
BRDA:24,7,1,1
BRDA:26,8,0,0
BRDA:26,8,1,1
BRDA:26,9,0,1
BRDA:26,9,1,1
BRDA:28,10,0,0
BRDA:28,10,1,1
BRDA:30,11,0,0
BRDA:30,11,1,1
BRDA:32,12,0,0
BRDA:32,12,1,1
BRDA:34,13,0,0
BRDA:34,13,1,1
BRDA:36,14,0,1
BRDA:36,14,1,0
BRF:30
BRH:23
end_of_record
TN:
SF:middleware\jwt.js
FN:4,createToken
FN:8,decodeToken
FNF:2
FNH:2
FNDA:2,createToken
FNDA:4,decodeToken
DA:1,4
DA:2,4
DA:5,2
DA:9,4
DA:12,4
LF:5
LH:5
BRF:0
BRH:0
end_of_record
TN:
SF:models\category.js
FN:5,(anonymous_0)
FN:12,(anonymous_1)
FNF:2
FNH:2
FNDA:4,(anonymous_0)
FNDA:4,(anonymous_1)
DA:4,4
DA:5,4
DA:14,4
DA:17,4
DA:30,4
LF:5
LH:5
BRF:0
BRH:0
end_of_record
TN:
SF:models\favorite.js
FN:5,(anonymous_0)
FN:12,(anonymous_1)
FNF:2
FNH:2
FNDA:4,(anonymous_0)
FNDA:4,(anonymous_1)
DA:4,4
DA:5,4
DA:14,4
DA:15,4
DA:18,4
DA:39,4
LF:6
LH:6
BRF:0
BRH:0
end_of_record
TN:
SF:models\food.js
FN:5,(anonymous_0)
FN:12,(anonymous_1)
FN:75,(anonymous_2)
FNF:3
FNH:2
FNDA:4,(anonymous_0)
FNDA:4,(anonymous_1)
FNDA:0,(anonymous_2)
DA:4,4
DA:5,4
DA:14,4
DA:15,4
DA:16,4
DA:19,4
DA:75,4
DA:76,0
DA:78,4
LF:9
LH:8
BRF:0
BRH:0
end_of_record
TN:
SF:models\history.js
FN:5,(anonymous_0)
FN:12,(anonymous_1)
FNF:2
FNH:2
FNDA:4,(anonymous_0)
FNDA:4,(anonymous_1)
DA:4,4
DA:5,4
DA:16,4
DA:24,4
LF:4
LH:4
BRF:0
BRH:0
end_of_record
TN:
SF:models\index.js
FN:21,(anonymous_0)
FN:29,(anonymous_1)
FN:34,(anonymous_2)
FNF:3
FNH:3
FNDA:24,(anonymous_0)
FNDA:20,(anonymous_1)
FNDA:20,(anonymous_2)
DA:3,4
DA:4,4
DA:5,4
DA:6,4
DA:7,4
DA:8,4
DA:9,4
DA:10,4
DA:13,4
DA:14,0
DA:16,4
DA:19,4
DA:22,24
DA:30,20
DA:31,20
DA:34,4
DA:35,20
DA:36,20
DA:40,4
DA:41,4
DA:43,4
LF:21
LH:20
BRDA:8,0,0,4
BRDA:8,0,1,0
BRDA:13,1,0,0
BRDA:13,1,1,4
BRDA:23,2,0,24
BRDA:23,2,1,24
BRDA:23,2,2,20
BRDA:23,2,3,20
BRDA:35,3,0,20
BRDA:35,3,1,0
BRF:10
BRH:7
end_of_record
TN:
SF:models\user.js
FN:7,(anonymous_0)
FN:14,(anonymous_1)
FN:59,(anonymous_2)
FNF:3
FNH:3
FNDA:4,(anonymous_0)
FNDA:4,(anonymous_1)
FNDA:3,(anonymous_2)
DA:2,4
DA:6,4
DA:7,4
DA:16,4
DA:19,4
DA:60,3
DA:67,4
LF:7
LH:7
BRF:0
BRH:0
end_of_record
TN:
SF:routes\category.js
FNF:0
FNH:0
DA:1,4
DA:2,4
DA:3,4
DA:4,4
DA:5,4
DA:8,4
DA:9,4
DA:10,4
DA:11,4
DA:14,4
DA:15,4
DA:18,4
LF:12
LH:12
BRF:0
BRH:0
end_of_record
TN:
SF:routes\food.js
FNF:0
FNH:0
DA:1,4
DA:2,4
DA:3,4
DA:4,4
DA:5,4
DA:8,4
DA:9,4
DA:10,4
DA:13,4
DA:14,4
DA:15,4
DA:21,4
LF:12
LH:12
BRF:0
BRH:0
end_of_record
TN:
SF:routes\index.js
FNF:0
FNH:0
DA:1,4
DA:2,4
DA:3,4
DA:4,4
DA:5,4
DA:7,4
DA:8,4
DA:9,4
DA:13,4
DA:14,4
DA:15,4
DA:24,4
DA:27,4
DA:34,4
DA:35,4
DA:38,4
DA:41,4
DA:43,4
LF:18
LH:18
BRF:0
BRH:0
end_of_record
TN:
SF:routes\pub.js
FNF:0
FNH:0
DA:1,4
DA:2,4
DA:3,4
DA:4,4
DA:5,4
DA:7,4
DA:8,4
DA:9,4
DA:10,4
DA:11,4
DA:12,4
DA:14,4
DA:16,4
DA:17,4
DA:22,4
LF:15
LH:15
BRF:0
BRH:0
end_of_record
